2020-05-27 13:29:18,721 [INFO] Activator:176 - 


2020-05-27 13:29:18,721 [INFO] Activator:177 - !SESSION log4j initialized
2020-05-27 13:29:37,601 [INFO] ApplicationProperties:181 - Using Application install path: C:\ST\STM32CubeIDE_1.3.0\STM32CubeIDE\plugins\com.st.stm32cube.common.mx_5.6.0.202002181639
2020-05-27 13:29:37,711 [INFO] DbMcusXml:72 - Set database path to: C:\ST\STM32CubeIDE_1.3.0\STM32CubeIDE\plugins\com.st.stm32cube.common.mx_5.6.0.202002181639\\db\/mcu/
2020-05-27 13:29:37,719 [INFO] DbBoardsPdsc:54 - Set plugin database path to: C:\ST\STM32CubeIDE_1.3.0\STM32CubeIDE\plugins\com.st.stm32cube.common.mx_5.6.0.202002181639\\db\/plugins/boardmanager/
2020-05-27 13:29:37,719 [INFO] DbMcus:235 - Set plugin images path to: C:\ST\STM32CubeIDE_1.3.0\STM32CubeIDE\plugins\com.st.stm32cube.common.mx_5.6.0.202002181639\\db\/plugins/mcufinder/images/
2020-05-27 13:29:37,721 [INFO] DbBoards:232 - Set plugin images path to: C:\ST\STM32CubeIDE_1.3.0\STM32CubeIDE\plugins\com.st.stm32cube.common.mx_5.6.0.202002181639\\db\/plugins/mcufinder/images/
2020-05-27 13:29:37,785 [INFO] DbMcusAds:85 - Set database path to: C:\Users\Hrishi\.stmcufinder\plugins\mcufinder//mcu/
2020-05-27 13:29:37,787 [INFO] DbMcusDocs:108 - Set database path to: C:\Users\Hrishi\.stmcufinder\plugins\mcufinder//mcu/
2020-05-27 13:29:37,790 [INFO] DbMcusJson:61 - Set database path to: C:\Users\Hrishi\.stmcufinder\plugins\mcufinder//mcu/
2020-05-27 13:29:37,791 [INFO] DbBoardsDocs:97 - Set database path to: C:\Users\Hrishi\.stmcufinder\plugins\mcufinder//mcu/
2020-05-27 13:29:37,792 [INFO] DbBoardsJson:51 - Set database path to: C:\Users\Hrishi\.stmcufinder\plugins\mcufinder//mcu/
2020-05-27 13:29:37,897 [INFO] CrossReferenceDbSqlite:197 - Set database path to: C:\Users\Hrishi\.stmcufinder\plugins\mcufinder//mcu/cs/
2020-05-27 13:29:38,225 [INFO] RulesReader:52 - Compatibility file has been processed (208 Rules)
2020-05-27 13:29:38,557 [INFO] MicroXplorer:570 - Detected Java Version = 1.8.0_242
2020-05-27 13:29:38,557 [INFO] DbMcusXml:72 - Set database path to: C:\ST\STM32CubeIDE_1.3.0\STM32CubeIDE\plugins\com.st.stm32cube.common.mx_5.6.0.202002181639\\db\/mcu/
2020-05-27 13:29:38,557 [INFO] DbBoardsPdsc:54 - Set plugin database path to: C:\ST\STM32CubeIDE_1.3.0\STM32CubeIDE\plugins\com.st.stm32cube.common.mx_5.6.0.202002181639\\db\/plugins/boardmanager/
2020-05-27 13:29:38,557 [INFO] DbMcus:235 - Set plugin images path to: C:\ST\STM32CubeIDE_1.3.0\STM32CubeIDE\plugins\com.st.stm32cube.common.mx_5.6.0.202002181639\\db\/plugins/mcufinder/images/
2020-05-27 13:29:38,557 [INFO] DbBoards:232 - Set plugin images path to: C:\ST\STM32CubeIDE_1.3.0\STM32CubeIDE\plugins\com.st.stm32cube.common.mx_5.6.0.202002181639\\db\/plugins/mcufinder/images/
2020-05-27 13:29:38,557 [WARN] DbFile:36 - Overriding database path with different value: C:\Users\Hrishi\.stmcufinder\plugins\mcufinder/ => C:\Users\Hrishi\.stmcufinder\plugins\mcufinder
2020-05-27 13:29:38,557 [INFO] DbMcusAds:85 - Set database path to: C:\Users\Hrishi\.stmcufinder\plugins\mcufinder//mcu/
2020-05-27 13:29:38,557 [WARN] DbFile:36 - Overriding database path with different value: C:\Users\Hrishi\.stmcufinder\plugins\mcufinder/ => C:\Users\Hrishi\.stmcufinder\plugins\mcufinder
2020-05-27 13:29:38,557 [INFO] DbMcusDocs:108 - Set database path to: C:\Users\Hrishi\.stmcufinder\plugins\mcufinder//mcu/
2020-05-27 13:29:38,557 [WARN] DbFile:36 - Overriding database path with different value: C:\Users\Hrishi\.stmcufinder\plugins\mcufinder/ => C:\Users\Hrishi\.stmcufinder\plugins\mcufinder
2020-05-27 13:29:38,557 [INFO] DbMcusJson:61 - Set database path to: C:\Users\Hrishi\.stmcufinder\plugins\mcufinder//mcu/
2020-05-27 13:29:38,557 [WARN] DbFile:36 - Overriding database path with different value: C:\Users\Hrishi\.stmcufinder\plugins\mcufinder/ => C:\Users\Hrishi\.stmcufinder\plugins\mcufinder
2020-05-27 13:29:38,557 [INFO] DbBoardsDocs:97 - Set database path to: C:\Users\Hrishi\.stmcufinder\plugins\mcufinder//mcu/
2020-05-27 13:29:38,557 [WARN] DbFile:36 - Overriding database path with different value: C:\Users\Hrishi\.stmcufinder\plugins\mcufinder/ => C:\Users\Hrishi\.stmcufinder\plugins\mcufinder
2020-05-27 13:29:38,557 [INFO] DbBoardsJson:51 - Set database path to: C:\Users\Hrishi\.stmcufinder\plugins\mcufinder//mcu/
2020-05-27 13:29:38,557 [WARN] DbFile:36 - Overriding database path with different value: C:\Users\Hrishi\.stmcufinder\plugins\mcufinder/ => C:\Users\Hrishi\.stmcufinder\plugins\mcufinder
2020-05-27 13:29:38,557 [WARN] DbFile:36 - Overriding database path with different value: C:\Users\Hrishi\.stmcufinder\plugins\mcufinder/ => C:\Users\Hrishi\.stmcufinder\plugins\mcufinder
2020-05-27 13:29:38,557 [INFO] CrossReferenceDbSqlite:197 - Set database path to: C:\Users\Hrishi\.stmcufinder\plugins\mcufinder//mcu/cs/
2020-05-27 13:29:38,877 [INFO] MainPanel:181 - HeapMemory: 344981504
2020-05-27 13:29:39,120 [INFO] DbMcusXml:72 - Set database path to: C:\ST\STM32CubeIDE_1.3.0\STM32CubeIDE\plugins\com.st.stm32cube.common.mx_5.6.0.202002181639\\db\/mcu/
2020-05-27 13:29:39,120 [INFO] DbBoardsPdsc:54 - Set plugin database path to: C:\ST\STM32CubeIDE_1.3.0\STM32CubeIDE\plugins\com.st.stm32cube.common.mx_5.6.0.202002181639\\db\/plugins/boardmanager/
2020-05-27 13:29:39,120 [INFO] DbMcus:235 - Set plugin images path to: C:\ST\STM32CubeIDE_1.3.0\STM32CubeIDE\plugins\com.st.stm32cube.common.mx_5.6.0.202002181639\\db\/plugins/mcufinder/images/
2020-05-27 13:29:39,120 [INFO] DbBoards:232 - Set plugin images path to: C:\ST\STM32CubeIDE_1.3.0\STM32CubeIDE\plugins\com.st.stm32cube.common.mx_5.6.0.202002181639\\db\/plugins/mcufinder/images/
2020-05-27 13:29:39,120 [WARN] DbFile:36 - Overriding database path with different value: C:\Users\Hrishi\.stmcufinder\plugins\mcufinder/ => C:\Users\Hrishi\.stmcufinder\plugins\mcufinder
2020-05-27 13:29:39,120 [INFO] DbMcusAds:85 - Set database path to: C:\Users\Hrishi\.stmcufinder\plugins\mcufinder//mcu/
2020-05-27 13:29:39,120 [WARN] DbFile:36 - Overriding database path with different value: C:\Users\Hrishi\.stmcufinder\plugins\mcufinder/ => C:\Users\Hrishi\.stmcufinder\plugins\mcufinder
2020-05-27 13:29:39,120 [INFO] DbMcusDocs:108 - Set database path to: C:\Users\Hrishi\.stmcufinder\plugins\mcufinder//mcu/
2020-05-27 13:29:39,120 [WARN] DbFile:36 - Overriding database path with different value: C:\Users\Hrishi\.stmcufinder\plugins\mcufinder/ => C:\Users\Hrishi\.stmcufinder\plugins\mcufinder
2020-05-27 13:29:39,120 [INFO] DbMcusJson:61 - Set database path to: C:\Users\Hrishi\.stmcufinder\plugins\mcufinder//mcu/
2020-05-27 13:29:39,120 [WARN] DbFile:36 - Overriding database path with different value: C:\Users\Hrishi\.stmcufinder\plugins\mcufinder/ => C:\Users\Hrishi\.stmcufinder\plugins\mcufinder
2020-05-27 13:29:39,120 [INFO] DbBoardsDocs:97 - Set database path to: C:\Users\Hrishi\.stmcufinder\plugins\mcufinder//mcu/
2020-05-27 13:29:39,120 [WARN] DbFile:36 - Overriding database path with different value: C:\Users\Hrishi\.stmcufinder\plugins\mcufinder/ => C:\Users\Hrishi\.stmcufinder\plugins\mcufinder
2020-05-27 13:29:39,120 [INFO] DbBoardsJson:51 - Set database path to: C:\Users\Hrishi\.stmcufinder\plugins\mcufinder//mcu/
2020-05-27 13:29:39,120 [WARN] DbFile:36 - Overriding database path with different value: C:\Users\Hrishi\.stmcufinder\plugins\mcufinder/ => C:\Users\Hrishi\.stmcufinder\plugins\mcufinder
2020-05-27 13:29:39,120 [WARN] DbFile:36 - Overriding database path with different value: C:\Users\Hrishi\.stmcufinder\plugins\mcufinder/ => C:\Users\Hrishi\.stmcufinder\plugins\mcufinder
2020-05-27 13:29:39,120 [INFO] CrossReferenceDbSqlite:197 - Set database path to: C:\Users\Hrishi\.stmcufinder\plugins\mcufinder//mcu/cs/
2020-05-27 13:29:39,153 [INFO] ApplicationProperties:181 - Using Application install path: C:\ST\STM32CubeIDE_1.3.0\STM32CubeIDE\plugins\com.st.stm32cube.common.mx_5.6.0.202002181639
2020-05-27 13:29:39,153 [INFO] PluginManage:178 - Search for loadable plugins [exclusion list=, tutovideos]
2020-05-27 13:29:39,153 [INFO] PluginManage:292 - Check plugin analytics
2020-05-27 13:29:39,293 [INFO] PluginManage:342 - Loaded plugin analytics (category:tool,tabindex:-1)
2020-05-27 13:29:39,293 [INFO] PluginManage:292 - Check plugin clock
2020-05-27 13:29:39,364 [INFO] PluginManage:342 - Loaded plugin clock (category:base,tabindex:2)
2020-05-27 13:29:39,365 [INFO] PluginManage:292 - Check plugin ddr
2020-05-27 13:29:39,389 [INFO] PluginManage:342 - Loaded plugin ddr (category:tool,tabindex:6)
2020-05-27 13:29:39,389 [INFO] PluginManage:292 - Check plugin filemanager
2020-05-27 13:29:39,855 [INFO] PluginManage:342 - Loaded plugin filemanager (category:base,tabindex:10)
2020-05-27 13:29:39,855 [INFO] PluginManage:292 - Check plugin ipmanager
2020-05-27 13:29:39,902 [INFO] PluginManage:342 - Loaded plugin ipmanager (category:base,tabindex:5)
2020-05-27 13:29:39,902 [INFO] PluginManage:292 - Check plugin pinoutandconfiguration
2020-05-27 13:29:39,980 [INFO] PluginManage:342 - Loaded plugin pinoutandconfiguration (category:base,tabindex:1)
2020-05-27 13:29:39,980 [INFO] PluginManage:292 - Check plugin pinoutconfig
2020-05-27 13:29:40,043 [INFO] PluginManage:342 - Loaded plugin pinoutconfig (category:base,tabindex:0)
2020-05-27 13:29:40,043 [INFO] PluginManage:292 - Check plugin power
2020-05-27 13:29:40,152 [INFO] PluginManage:342 - Loaded plugin power (category:power,tabindex:4)
2020-05-27 13:29:40,152 [INFO] PluginManage:292 - Check plugin projectmanager
2020-05-27 13:29:40,183 [INFO] PluginManage:342 - Loaded plugin projectmanager (category:projectmanager,tabindex:3)
2020-05-27 13:29:40,183 [INFO] PluginManage:292 - Check plugin thirdparty
2020-05-27 13:29:40,308 [INFO] ThirdPartyDb:295 - Open Third Party DataBase File (C:/Users/Hrishi/.stm32cubemx/plugins/thirdparty/db/thirdparties_db.xml) : 47 ms. number of Sw pack : 12
2020-05-27 13:29:40,397 [INFO] PluginManage:342 - Loaded plugin thirdparty (category:base,tabindex:-1)
2020-05-27 13:29:40,397 [INFO] PluginManage:292 - Check plugin tools
2020-05-27 13:29:40,430 [INFO] PluginManage:342 - Loaded plugin tools (category:base,tabindex:7)
2020-05-27 13:29:40,430 [INFO] PluginManage:292 - Check plugin tutovideos
2020-05-27 13:29:40,506 [INFO] PluginManage:347 - Ignore plugin tutovideos (category:base)
2020-05-27 13:29:40,506 [INFO] PluginManage:292 - Check plugin updater
2020-05-27 13:29:40,572 [INFO] PluginManage:342 - Loaded plugin updater (category:base,tabindex:12)
2020-05-27 13:29:40,573 [INFO] PluginManage:265 - PluginManage : Loaded plugins [12]
2020-05-27 13:29:41,062 [INFO] PinOutPanel:1420 - setPackage(No Configuration,No Configuration)
2020-05-27 13:29:41,339 [INFO] IPUIPlugin:65 - create IPUIPlugin
2020-05-27 13:29:41,339 [INFO] PluginManager:200 - loadIPPluginJar : add adc
2020-05-27 13:29:41,357 [INFO] IPUIPlugin:65 - create IPUIPlugin
2020-05-27 13:29:41,358 [INFO] PluginManager:200 - loadIPPluginJar : add aes
2020-05-27 13:29:41,389 [INFO] IPUIPlugin:65 - create IPUIPlugin
2020-05-27 13:29:41,389 [INFO] PluginManager:200 - loadIPPluginJar : add can
2020-05-27 13:29:41,409 [INFO] IPUIPlugin:65 - create IPUIPlugin
2020-05-27 13:29:41,410 [INFO] PluginManager:200 - loadIPPluginJar : add comp
2020-05-27 13:29:41,435 [INFO] IPUIPlugin:65 - create IPUIPlugin
2020-05-27 13:29:41,436 [INFO] PluginManager:200 - loadIPPluginJar : add cryp
2020-05-27 13:29:41,450 [INFO] IPUIPlugin:65 - create IPUIPlugin
2020-05-27 13:29:41,450 [INFO] PluginManager:200 - loadIPPluginJar : add dfsdm
2020-05-27 13:29:41,493 [INFO] IPUIPlugin:65 - create IPUIPlugin
2020-05-27 13:29:41,493 [INFO] PluginManager:200 - loadIPPluginJar : add dma
2020-05-27 13:29:41,519 [INFO] IPUIPlugin:65 - create IPUIPlugin
2020-05-27 13:29:41,520 [INFO] PluginManager:200 - loadIPPluginJar : add fatfs
2020-05-27 13:29:41,661 [INFO] IPUIPlugin:65 - create IPUIPlugin
2020-05-27 13:29:41,661 [INFO] PluginManager:200 - loadIPPluginJar : add fmc
2020-05-27 13:29:41,709 [INFO] IPUIPlugin:65 - create IPUIPlugin
2020-05-27 13:29:41,709 [INFO] PluginManager:200 - loadIPPluginJar : add freertos
2020-05-27 13:29:41,734 [INFO] IPUIPlugin:65 - create IPUIPlugin
2020-05-27 13:29:41,734 [INFO] PluginManager:200 - loadIPPluginJar : add genericplugin
2020-05-27 13:29:41,809 [INFO] IPUIPlugin:65 - create IPUIPlugin
2020-05-27 13:29:41,809 [INFO] PluginManager:200 - loadIPPluginJar : add gfxmmu
2020-05-27 13:29:41,969 [INFO] IPUIPlugin:65 - create IPUIPlugin
2020-05-27 13:29:41,969 [INFO] PluginManager:200 - loadIPPluginJar : add gic
2020-05-27 13:29:41,992 [INFO] IPUIPlugin:65 - create IPUIPlugin
2020-05-27 13:29:41,992 [INFO] PluginManager:200 - loadIPPluginJar : add gpio
2020-05-27 13:29:42,054 [INFO] IPUIPlugin:65 - create IPUIPlugin
2020-05-27 13:29:42,054 [INFO] PluginManager:200 - loadIPPluginJar : add gtzc
2020-05-27 13:29:42,076 [INFO] IPUIPlugin:65 - create IPUIPlugin
2020-05-27 13:29:42,077 [INFO] PluginManager:200 - loadIPPluginJar : add hash
2020-05-27 13:29:42,121 [INFO] IPUIPlugin:65 - create IPUIPlugin
2020-05-27 13:29:42,122 [INFO] PluginManager:200 - loadIPPluginJar : add i2c
2020-05-27 13:29:42,155 [INFO] IPUIPlugin:65 - create IPUIPlugin
2020-05-27 13:29:42,155 [INFO] PluginManager:200 - loadIPPluginJar : add i2s
2020-05-27 13:29:42,280 [INFO] IPUIPlugin:65 - create IPUIPlugin
2020-05-27 13:29:42,280 [INFO] PluginManager:200 - loadIPPluginJar : add ipddr
2020-05-27 13:29:42,312 [INFO] IPUIPlugin:65 - create IPUIPlugin
2020-05-27 13:29:42,312 [INFO] PluginManager:200 - loadIPPluginJar : add ltdc
2020-05-27 13:29:42,333 [INFO] IPUIPlugin:65 - create IPUIPlugin
2020-05-27 13:29:42,333 [INFO] PluginManager:200 - loadIPPluginJar : add mdma
2020-05-27 13:29:42,377 [INFO] IPUIPlugin:65 - create IPUIPlugin
2020-05-27 13:29:42,377 [INFO] PluginManager:200 - loadIPPluginJar : add nvic
2020-05-27 13:29:42,420 [INFO] IPUIPlugin:65 - create IPUIPlugin
2020-05-27 13:29:42,420 [INFO] PluginManager:200 - loadIPPluginJar : add opamp
2020-05-27 13:29:42,474 [INFO] IPUIPlugin:65 - create IPUIPlugin
2020-05-27 13:29:42,475 [INFO] PluginManager:200 - loadIPPluginJar : add pdm2pcm
2020-05-27 13:29:42,493 [INFO] IPUIPlugin:65 - create IPUIPlugin
2020-05-27 13:29:42,498 [INFO] PluginManager:200 - loadIPPluginJar : add plateformsettings
2020-05-27 13:29:42,525 [INFO] IPUIPlugin:65 - create IPUIPlugin
2020-05-27 13:29:42,525 [INFO] PluginManager:200 - loadIPPluginJar : add quadspi
2020-05-27 13:29:42,545 [INFO] IPUIPlugin:65 - create IPUIPlugin
2020-05-27 13:29:42,545 [INFO] PluginManager:200 - loadIPPluginJar : add resmgrutility
2020-05-27 13:29:42,608 [INFO] IPUIPlugin:65 - create IPUIPlugin
2020-05-27 13:29:42,608 [INFO] PluginManager:200 - loadIPPluginJar : add sai
2020-05-27 13:29:42,655 [INFO] IPUIPlugin:65 - create IPUIPlugin
2020-05-27 13:29:42,655 [INFO] PluginManager:200 - loadIPPluginJar : add spi
2020-05-27 13:29:42,702 [INFO] IPUIPlugin:65 - create IPUIPlugin
2020-05-27 13:29:42,702 [INFO] PluginManager:200 - loadIPPluginJar : add stm32_wpan
2020-05-27 13:29:42,717 [INFO] IPUIPlugin:65 - create IPUIPlugin
2020-05-27 13:29:42,717 [INFO] PluginManager:200 - loadIPPluginJar : add tim
2020-05-27 13:29:42,780 [INFO] IPUIPlugin:65 - create IPUIPlugin
2020-05-27 13:29:42,780 [INFO] PluginManager:200 - loadIPPluginJar : add touchsensing
2020-05-27 13:29:42,795 [INFO] IPUIPlugin:65 - create IPUIPlugin
2020-05-27 13:29:42,795 [INFO] PluginManager:200 - loadIPPluginJar : add tracer_emb
2020-05-27 13:29:42,858 [INFO] IPUIPlugin:65 - create IPUIPlugin
2020-05-27 13:29:42,858 [INFO] PluginManager:200 - loadIPPluginJar : add ts
2020-05-27 13:29:42,889 [INFO] IPUIPlugin:65 - create IPUIPlugin
2020-05-27 13:29:42,889 [INFO] PluginManager:200 - loadIPPluginJar : add tsc
2020-05-27 13:29:42,905 [INFO] IPUIPlugin:65 - create IPUIPlugin
2020-05-27 13:29:42,905 [INFO] PluginManager:200 - loadIPPluginJar : add ucpd
2020-05-27 13:29:42,967 [INFO] IPUIPlugin:65 - create IPUIPlugin
2020-05-27 13:29:42,967 [INFO] PluginManager:200 - loadIPPluginJar : add usart
2020-05-27 13:29:44,073 [INFO] BoardConnectionPanel:3472 - [DDR PANEL] STM32CubeIDE environment
2020-05-27 13:29:44,073 [INFO] MainDdrPanel:103 - [DDR PANEL] GETTER - cubeProgrammerPath is: null
2020-05-27 13:29:44,484 [FATAL] Updater:277 - Updater called before beeing initialized
2020-05-27 13:29:45,122 [FATAL] Updater:277 - Updater called before beeing initialized
2020-05-27 13:29:45,122 [INFO] PinOutPanel:1420 - setPackage(No Configuration,No Configuration)
2020-05-27 13:29:45,122 [FATAL] Updater:277 - Updater called before beeing initialized
2020-05-27 13:29:45,137 [INFO] BoardConnectionPanel:3472 - [DDR PANEL] STM32CubeIDE environment
2020-05-27 13:29:45,137 [INFO] MainDdrPanel:103 - [DDR PANEL] GETTER - cubeProgrammerPath is: C:\ST\STM32CubeIDE_1.3.0\STM32CubeIDE\plugins\com.st.stm32cube.ide.mcu.externaltools.cubeprogrammer.win32_1.3.0.202002181050\tools\bin
2020-05-27 13:29:45,137 [INFO] ProgrammerExecThread:148 - [ProgrammerAPI] CubeProgrammer command construction: C:\ST\STM32CubeIDE_1.3.0\STM32CubeIDE\plugins\com.st.stm32cube.ide.mcu.externaltools.cubeprogrammer.win32_1.3.0.202002181050\tools\bin\STM32_Programmer_CLI.exe -l
2020-05-27 13:29:46,312 [FATAL] Updater:277 - Updater called before beeing initialized
2020-05-27 13:29:46,312 [ERROR] IntegrityCheckThread:252 - Cannot obtain thirdParties list 21
2020-05-27 13:29:46,312 [ERROR] IntegrityCheckThread:100 - Unexpected exception IntegrityCheckThread Thread: Updater error
2020-05-27 13:29:46,312 [INFO] ThirdPartyDb:261 - Close Third Party DataBase File (C:/Users/Hrishi/.stm32cubemx/plugins/thirdparty/db/thirdparties_db.xml)
2020-05-27 13:29:46,466 [INFO] MainDdrPanel:93 - [DDR PANEL] SETTER - Set cubeProgrammerPath to: C:\ST\STM32CubeIDE_1.3.0\STM32CubeIDE\plugins\com.st.stm32cube.ide.mcu.externaltools.cubeprogrammer.win32_1.3.0.202002181050\tools\bin
2020-05-27 13:29:46,585 [INFO] Updater:886 - Updater Version found : 5.6.0
2020-05-27 13:29:46,794 [INFO] ApplicationProperties:181 - Using Application install path: C:\ST\STM32CubeIDE_1.3.0\STM32CubeIDE\plugins\com.st.stm32cube.common.mx_5.6.0.202002181639
2020-05-27 13:29:47,297 [INFO] MainUpdater:2230 - connection check result : 10
2020-05-27 13:29:47,297 [INFO] MainUpdater:236 - Updater Check For Update Now.
2020-05-27 13:29:47,297 [INFO] MicroXplorer:420 - Change Database Version : DB.5.0.60
2020-05-27 13:29:47,350 [INFO] CheckServerUpdateThread:92 - End of CheckServer Thread
2020-05-27 13:29:47,537 [INFO] MainUpdater:2230 - connection check result : 10
2020-05-27 13:29:47,539 [INFO] LogOutputStream:76 - [STDOUT_REDIRECT] Successfull proxy connection.
2020-05-27 13:29:48,350 [INFO] McuFinderGlobals:40 - Set McuFinder mode to 2 (CubeIDE integrated)
2020-05-27 13:29:48,377 [INFO] FinderPluginLoader:86 - Searching for filters in installed packs
2020-05-27 13:29:48,391 [INFO] DbMcusXml:110 - Load MCU database from C:\ST\STM32CubeIDE_1.3.0\STM32CubeIDE\plugins\com.st.stm32cube.common.mx_5.6.0.202002181639\\db\/mcu/families.xml
2020-05-27 13:29:49,779 [INFO] DbMcusJson:90 - JSON generation date=Wed May 20 21:04:35 IST 2020 (1589988875)
2020-05-27 13:29:50,434 [INFO] DbMcus:171 - Found 1670 MCUs (1625 are supported by CubeMX, 1625 are visible in CubeMX)
2020-05-27 13:29:50,435 [INFO] ApiDb:158 - Load user favorites file C:\Users\Hrishi/.stm32cubeide/favorites.mcus.txt: 0 item(s)
2020-05-27 13:29:50,435 [INFO] ApiDb:163 - User favorites MCUs=[]
2020-05-27 13:29:50,435 [INFO] DbMcus:183 - Set 0 / 0 favorites MCUs
2020-05-27 13:29:51,319 [INFO] DbMcusAds:143 - JSON generation date=Thu Apr 30 19:20:56 IST 2020 (1588254656)
2020-05-27 13:29:51,321 [INFO] LoadUrlFilesThread:161 - End of LoadServerUrlFiles without Thread
2020-05-27 13:29:51,345 [INFO] McuDetailPanel:181 - Set advertising image to C:/Users/Hrishi/STM32Cube/Repository/\PR_STM32Cube_GitHub_0320_V1.png
2020-05-27 13:29:51,740 [INFO] McuFilterPanel:249 - Update 0 favorites MCUs
2020-05-27 13:29:51,925 [INFO] DbBoardsPdsc:92 - Found 22 items
2020-05-27 13:29:51,938 [INFO] DbBoardsPdsc:92 - Found 9 items
2020-05-27 13:29:51,965 [INFO] DbBoardsPdsc:92 - Found 28 items
2020-05-27 13:29:51,985 [INFO] DbBoardsPdsc:92 - Found 1 items
2020-05-27 13:29:51,997 [INFO] DbBoardsPdsc:92 - Found 40 items
2020-05-27 13:29:52,030 [INFO] DbBoardsPdsc:92 - Found 39 items
2020-05-27 13:29:52,053 [INFO] DbBoardsPdsc:92 - Found 2 items
2020-05-27 13:29:52,070 [INFO] DbBoardsPdsc:92 - Found 4 items
2020-05-27 13:29:52,075 [WARN] DbBoardsPdsc:256 - Board STM32H7B3I-DK: unknown feature type=Audio, name=, username=Audio stereo codec with Headphone Amp (CS42L51-CNZ), n=1
2020-05-27 13:29:52,075 [WARN] DbBoardsPdsc:256 - Board STM32H7B3I-DK: unknown feature type=WIFI, name=, username=WIFI 802.11 b/g/n, n=1
2020-05-27 13:29:52,079 [WARN] DbBoardsPdsc:256 - Board STM32H7B3I-EVAL: unknown feature type=Audio, name=, username=Multi-Channel Audio Codec (CS42L51-CNZ), n=1
2020-05-27 13:29:52,079 [WARN] DbBoardsPdsc:256 - Board STM32H7B3I-EVAL: unknown feature type=Meter, name=, username=Power-metering and Temperature-monitoring with sigma-delta modulators, n=1
2020-05-27 13:29:52,079 [WARN] DbBoardsPdsc:256 - Board STM32H7B3I-EVAL: unknown feature type=WIFI, name=, username=WIFI 802.11 a/b/g/n, n=1
2020-05-27 13:29:52,079 [WARN] DbBoardsPdsc:256 - Board STM32H7B3I-EVAL: unknown feature type=Motor, name=, username=Motor Control, n=1
2020-05-27 13:29:52,185 [INFO] DbBoardsJson:80 - JSON generation date=Wed May 20 17:06:55 IST 2020 (1589974615)
2020-05-27 13:29:52,197 [INFO] DbBoards:120 - Found 145 boards (142 are supported by CubeMX)
2020-05-27 13:29:52,286 [INFO] DbBoardsDocs:131 - JSON generation date=Wed May 20 21:04:35 IST 2020 (1589988875)
2020-05-27 13:29:52,305 [INFO] DbBoardsDocs:70 - Found 183 boards documents
2020-05-27 13:29:52,307 [WARN] DbBoards:130 - board NUCLEO-H743ZI2 has no document id list !
2020-05-27 13:29:52,311 [WARN] DbBoards:130 - board P-NUCLEO-WB55-Nucleo has no document id list !
2020-05-27 13:29:52,311 [WARN] DbBoards:130 - board P-NUCLEO-WB55-USBDongle has no document id list !
2020-05-27 13:29:52,312 [WARN] DbBoards:130 - board NUCLEO-WB35CE has no document id list !
2020-05-27 13:29:52,312 [WARN] DbBoards:130 - board STM32F401C-DISCO has no document id list !
2020-05-27 13:29:52,313 [WARN] DbBoards:130 - board STM32F769I-DISC1 has no document id list !
2020-05-27 13:29:52,313 [WARN] DbBoards:130 - board STM32L-DISCOVERY has no document id list !
2020-05-27 13:29:52,314 [WARN] DbBoards:130 - board STM32H747I-DISC1 has no document id list !
2020-05-27 13:29:52,314 [WARN] DbBoards:130 - board STM32MP157A-DK1 has no document id list !
2020-05-27 13:29:52,315 [WARN] DbBoards:130 - board STM32H743I-EVAL2 has no document id list !
2020-05-27 13:29:52,315 [WARN] DbBoards:130 - board STM32H753I-EVAL2 has no document id list !
2020-05-27 13:29:52,315 [WARN] DbBoards:130 - board STM32G474E-EVAL1 has no document id list !
2020-05-27 13:29:52,316 [WARN] DbBoards:130 - board STEVAL-BFA001V1B has no document id list !
2020-05-27 13:29:52,316 [WARN] DbBoards:130 - board STEVAL-BFA001V2B has no document id list !
2020-05-27 13:29:52,316 [WARN] DbBoards:130 - board STEVAL-MKSBOX1V1 has no document id list !
2020-05-27 13:29:52,316 [WARN] DbBoards:130 - board STEVAL-STWINKT1 has no document id list !
2020-05-27 13:29:52,316 [WARN] DbBoards:130 - board STEVAL-IDP005V1 has no document id list !
2020-05-27 13:29:52,316 [WARN] DbBoards:130 - board STEVAL-IDP005V2 has no document id list !
2020-05-27 13:29:54,719 [INFO] ApiDb:158 - Load user favorites file C:\Users\Hrishi/.stm32cubeide/favorites.boards.txt: 0 item(s)
2020-05-27 13:29:54,720 [INFO] ApiDb:163 - User favorites Boards=[]
2020-05-27 13:29:54,720 [INFO] DbBoards:209 - Set 0 / 0 favorites Boards
2020-05-27 13:29:54,790 [INFO] LoadUrlFilesThread:161 - End of LoadServerUrlFiles without Thread
2020-05-27 13:29:54,791 [INFO] BoardDetailPanel:180 - Set advertising image to C:/Users/Hrishi/STM32Cube/Repository/\PR_STM32Cube_GitHub_0320_V1.png
2020-05-27 13:29:54,819 [INFO] BoardFilterPanel:211 - Update 0 favorites Boards
2020-05-27 13:29:57,839 [INFO] CrossSelectorPresenter:1319 - Cross Selector saved comparison directory: C:\Users\Hrishi\.stmcufinder\plugins\mcufinder\mcu\cs_comparisons_mx
2020-05-27 13:30:51,710 [INFO] LogOutputStream:76 - [STDOUT_REDIRECT] withoutVersionV1.25.0
2020-05-27 13:31:11,282 [INFO] LogOutputStream:76 - [STDOUT_REDIRECT] File copied successfully!!
2020-05-27 13:31:16,216 [INFO] MainUpdater:2230 - connection check result : 10
2020-05-27 13:31:16,279 [INFO] MicroXplorer:390 - Change Database Path : 
2020-05-27 13:31:16,279 [INFO] MicroXplorer:420 - Change Database Version : DB.5.0.60
2020-05-27 13:31:16,279 [INFO] PinOutPanel:1420 - setPackage(No Configuration,No Configuration)
2020-05-27 13:31:16,279 [INFO] UtilMem:74 - Begin LoadConfig() Used Memory: 348577240 Bytes (440401920)
2020-05-27 13:31:16,279 [INFO] OpenFileManager:274 - Change cursor
2020-05-27 13:31:19,077 [INFO] Rule:211 - rule SPDIFRX instance for mcu is applicable
2020-05-27 13:31:19,077 [INFO] Rule:211 - rule Rename Tracer Mode is applicable
2020-05-27 13:31:19,078 [INFO] Rule:211 - rule SPDIFRX instance value for IP SPDIFRX is applicable
2020-05-27 13:31:19,078 [INFO] Rule:211 - rule SPDIFRX instance for signal is applicable
2020-05-27 13:31:19,078 [INFO] Rule:211 - rule SPDIFRX instance for project manager is applicable
2020-05-27 13:31:19,078 [INFO] Rule:211 - rule SPDIFRX instance for project manager is applicable
2020-05-27 13:31:19,078 [INFO] Rule:211 - rule ADC Scan  fix with FW F7 is applicable
2020-05-27 13:31:19,078 [INFO] Rule:211 - rule ADC Scan  fix with FW F7 is applicable
2020-05-27 13:31:19,078 [INFO] Rule:211 - rule Add RTC Activate Clock Source is applicable
2020-05-27 13:31:19,078 [INFO] Rule:211 - rule Add RTC Activate Calendar 1 is applicable
2020-05-27 13:31:19,078 [INFO] Rule:211 - rule Add RTC Activate Calendar 2 is applicable
2020-05-27 13:31:19,079 [INFO] Rule:211 - rule Add RTC Activate Calendar 3 is applicable
2020-05-27 13:31:19,079 [INFO] Rule:211 - rule UART/USART TX Mode is applicable
2020-05-27 13:31:19,079 [INFO] Rule:211 - rule UART/USART RX Mode is applicable
2020-05-27 13:31:19,079 [INFO] Rule:211 - rule UART/USART RX TX Mode is applicable
2020-05-27 13:31:19,079 [INFO] Rule:211 - rule UART/USART PARITY NONE is applicable
2020-05-27 13:31:19,079 [INFO] Rule:211 - rule UART/USART PARITY EVEN is applicable
2020-05-27 13:31:19,079 [INFO] Rule:211 - rule UART/USART PARITY ODD is applicable
2020-05-27 13:31:19,079 [INFO] Rule:211 - rule USART StopBits 1 is applicable
2020-05-27 13:31:19,079 [INFO] Rule:211 - rule USART StopBits 2 is applicable
2020-05-27 13:31:19,079 [INFO] Rule:211 - rule USART StopBits 1.5 is applicable
2020-05-27 13:31:19,079 [INFO] Rule:211 - rule USART StopBits 0.5 is applicable
2020-05-27 13:31:19,079 [INFO] Rule:211 - rule UART/USART WORD LENGTH 7 is applicable
2020-05-27 13:31:19,079 [INFO] Rule:211 - rule UART/USART WORD LENGTH 8 is applicable
2020-05-27 13:31:19,080 [INFO] Rule:211 - rule UART/USART WORD LENGTH 9 is applicable
2020-05-27 13:31:19,080 [INFO] Rule:211 - rule Rename FMC NAND NCE signal is applicable
2020-05-27 13:31:19,080 [INFO] Rule:211 - rule Rename FMC NAND INT signal is applicable
2020-05-27 13:31:19,080 [INFO] Rule:211 - rule Change Default Value for ADC ExternalTrigConv L4 family is applicable
2020-05-27 13:31:19,080 [INFO] Rule:211 - rule Change Default Value for ADC ExternalTrigInjecConv L4 family is applicable
2020-05-27 13:31:19,080 [INFO] Rule:211 - rule Change Default Value for ADC ExternalTrigConv F3 family is applicable
2020-05-27 13:31:19,080 [INFO] Rule:211 - rule Change Default Value for ADC ExternalTrigInjecConv F3 family is applicable
2020-05-27 13:31:19,080 [INFO] Rule:211 - rule Change Default Value for ADC ExternalTrigConv Goldfish serie is applicable
2020-05-27 13:31:19,080 [INFO] Rule:211 - rule Change Default Value for ADC ExternalTrigInjecConv Goldfish serie is applicable
2020-05-27 13:31:19,080 [INFO] Rule:211 - rule Change Default Value for ADC ExternalTrigConv L0 family is applicable
2020-05-27 13:31:19,080 [INFO] Rule:211 - rule Change Default Value for ADC ExternalTrigConv F0 family is applicable
2020-05-27 13:31:19,080 [INFO] Rule:211 - rule Change Default Value for ADC ExternalTrigConvn L1 family is applicable
2020-05-27 13:31:19,080 [INFO] Rule:211 - rule Change Default Value for ADC ExternalTrigInjecConv L1 family is applicable
2020-05-27 13:31:19,081 [INFO] Rule:211 - rule Change Default Value for ADC ExternalTrigConv F1 family is applicable
2020-05-27 13:31:19,081 [INFO] Rule:211 - rule Change Default Value for ADC ExternalTrigInjecConv F1 family is applicable
2020-05-27 13:31:19,081 [INFO] Rule:211 - rule Change Default Value for ADC ExternalTrigConv F7 family is applicable
2020-05-27 13:31:19,081 [INFO] Rule:211 - rule Change Default Value for ADC ExternalTrigInjecConv F7 family is applicable
2020-05-27 13:31:19,081 [INFO] Rule:211 - rule Change Default Value for ADC ExternalTrigConv F4 and F2 family is applicable
2020-05-27 13:31:19,081 [INFO] Rule:211 - rule Change Default Value for ADC ExternalTrigInjecConv F4 and F2 family is applicable
2020-05-27 13:31:19,081 [INFO] Rule:211 - rule ADC SamplingTime fix with FW L0  is applicable
2020-05-27 13:31:19,081 [INFO] Rule:211 - rule ADC SamplingTime fix with FW L0  is applicable
2020-05-27 13:31:19,081 [INFO] Rule:211 - rule ADC SamplingTime fix with FW L0 is applicable
2020-05-27 13:31:19,081 [INFO] Rule:211 - rule ADC SamplingTime fix with FW L0 is applicable
2020-05-27 13:31:19,081 [INFO] Rule:211 - rule ADC SamplingTime fix with FW L0  is applicable
2020-05-27 13:31:19,081 [INFO] Rule:211 - rule ADC SamplingTime fix with FW L0 is applicable
2020-05-27 13:31:19,081 [INFO] Rule:211 - rule Rename USB_OE Signal is applicable
2020-05-27 13:31:19,081 [INFO] Rule:211 - rule Rename Activate_OE Mode is applicable
2020-05-27 13:31:19,082 [INFO] Rule:211 - rule Rename DIE462/DIE415 pin PC14/OSC32_IN -> PC14-OSC32_IN (PC14) is applicable
2020-05-27 13:31:19,082 [INFO] Rule:211 - rule Rename DIE462/DIE415 pin PC15/OSC32_OUT -> PC15-OSC32_OUT (PC15) is applicable
2020-05-27 13:31:19,082 [INFO] Rule:211 - rule Rename DIE462/DIE415 pin PH0/OSC_IN -> PH0-OSC_IN (PH0) is applicable
2020-05-27 13:31:19,082 [INFO] Rule:211 - rule Rename DIE462/DIE415 pin PH1/OSC_OUT -> PH1-OSC_OUT (PH1) is applicable
2020-05-27 13:31:19,082 [INFO] Rule:211 - rule Rename DIE462 pin PA13 -> PA13 (JTMS/SWDIO) is applicable
2020-05-27 13:31:19,082 [INFO] Rule:211 - rule Rename DIE415 pin PA13 -> PA13 (JTMS/SWDIO) is applicable
2020-05-27 13:31:19,082 [INFO] Rule:211 - rule Rename DIE462 pin PA14 -> PA14 (JTCK/SWCLK) is applicable
2020-05-27 13:31:19,082 [INFO] Rule:211 - rule Rename DIE415 pin PA14 -> PA14 (JTCK/SWCLK) is applicable
2020-05-27 13:31:19,082 [INFO] Rule:211 - rule Rename DIE462/DIE415 pin PA15 -> PA15 (JTDI) is applicable
2020-05-27 13:31:19,082 [INFO] Rule:211 - rule Rename DIE462 pin PB3 -> PB3 (JTD0/TRACESWO) is applicable
2020-05-27 13:31:19,082 [INFO] Rule:211 - rule Rename DIE415 pin PB3 -> PB3 (JTD0-TRACESWO) is applicable
2020-05-27 13:31:19,082 [INFO] Rule:211 - rule Rename DIE462/DIE415 pin PB4 -> PB4 (NJTRST) is applicable
2020-05-27 13:31:19,082 [INFO] Rule:211 - rule Rename DIE462 pin PH3/BOOT0 -> PH3-BOOT0 (BOOT0) is applicable
2020-05-27 13:31:19,083 [INFO] Rule:211 - rule Rename CRYP DataEncryptionTypesList to Algorithm is applicable
2020-05-27 13:31:19,083 [INFO] Rule:211 - rule Rename AES DataEncryptionTypesList to Algorithm is applicable
2020-05-27 13:31:19,083 [INFO] Rule:211 - rule Rename TDESECB to CRYP_TDES_ECB is applicable
2020-05-27 13:31:19,083 [INFO] Rule:211 - rule Rename TDESCBC to CRYP_TDES_CBC is applicable
2020-05-27 13:31:19,083 [INFO] Rule:211 - rule Rename DESECB to CRYP_DES_ECB is applicable
2020-05-27 13:31:19,083 [INFO] Rule:211 - rule Rename DESCBC to CRYP_DES_CBC is applicable
2020-05-27 13:31:19,083 [INFO] Rule:211 - rule Rename AESECB to CRYP_AES_ECB is applicable
2020-05-27 13:31:19,083 [INFO] Rule:211 - rule Rename AESCBC to CRYP_AES_CBC is applicable
2020-05-27 13:31:19,083 [INFO] Rule:211 - rule Rename AESCTR to CRYP_AES_CTR is applicable
2020-05-27 13:31:19,083 [INFO] Rule:211 - rule Rename AESGCM to CRYP_AES_GCM is applicable
2020-05-27 13:31:19,083 [INFO] Rule:211 - rule Rename AESCCM to CRYP_AES_CCM is applicable
2020-05-27 13:31:19,083 [INFO] Rule:211 - rule Rename CAN TimeSeg1 to BS1 is applicable
2020-05-27 13:31:19,083 [INFO] Rule:211 - rule Rename CAN TimeSeg2 to BS2 is applicable
2020-05-27 13:31:19,084 [INFO] Rule:211 - rule Rename CAN SyncJumpWidth to SJW is applicable
2020-05-27 13:31:19,084 [INFO] Rule:211 - rule TimeTriggeredMode to TTCM is applicable
2020-05-27 13:31:19,084 [INFO] Rule:211 - rule Rename CAN AutoBusOff to ABOM is applicable
2020-05-27 13:31:19,084 [INFO] Rule:211 - rule Rename CAN AutoWakeUp to AWUM is applicable
2020-05-27 13:31:19,084 [INFO] Rule:211 - rule Rename CAN AutoRetransmission to NART is applicable
2020-05-27 13:31:19,084 [INFO] Rule:211 - rule Rename CAN ReceiveFifoLocked to RFLM is applicable
2020-05-27 13:31:19,084 [INFO] Rule:211 - rule Rename CAN TransmitFifoPriority to TXFP is applicable
2020-05-27 13:31:19,084 [INFO] Rule:211 - rule Rename HRTIMER HRTIM_OUTPUTFAULTLEVEL_HIGH in HRTIMER HRTIM_OUTPUTFAULTLEVEL_HIGHZ is applicable
2020-05-27 13:31:19,084 [INFO] Rule:211 - rule Rename TIMER TIM_CLEARINPUTSOURCE_OCREFCLR in  TIMER TIM_CLEARINPUTSOURCE_NONE for F7 family is applicable
2020-05-27 13:31:19,084 [INFO] Rule:211 - rule FDCAN_R1 - Rename FDCAN mode Master into Classic is applicable
2020-05-27 13:31:19,084 [INFO] Rule:211 - rule FDCAN_R2 - Rename FDCAN mode Slave into Classic is applicable
2020-05-27 13:31:19,084 [INFO] Rule:211 - rule FDCAN1_R3 - if PA10.Mode=FullDuplex, add Pin PA12 is applicable
2020-05-27 13:31:19,084 [INFO] Rule:211 - rule FDCAN1_R3 - if PA9.Mode=FullDuplex, add Pin PA11 is applicable
2020-05-27 13:31:19,084 [INFO] Rule:211 - rule FDCAN1_R3 - Alternatepin_1 - if PE1.Mode=FullDuplex, add Pin PB9 is applicable
2020-05-27 13:31:19,085 [INFO] Rule:211 - rule FDCAN1_R3 - Alternatepin_1 - if PE0.Mode=FullDuplex, add Pin PB8 is applicable
2020-05-27 13:31:19,085 [INFO] Rule:211 - rule FDCAN1_R3 - Alternatepin_2 - if PD5.Mode=FullDuplex, add Pin PD1 is applicable
2020-05-27 13:31:19,085 [INFO] Rule:211 - rule FDCAN1_R3 - Alternatepin_2 - if PD4.Mode=FullDuplex, add Pin PD0 is applicable
2020-05-27 13:31:19,085 [INFO] Rule:211 - rule FDCAN1_R4 - Rename Mode FullDuplex into Enable FDCAN_TXFD for pin PA10 is applicable
2020-05-27 13:31:19,085 [INFO] Rule:211 - rule FDCAN1_R4 - Rename Mode FullDuplex into Enable FDCAN_TXFD for pin PA9 is applicable
2020-05-27 13:31:19,085 [INFO] Rule:211 - rule FDCAN1_R4 - Alternatepin_1 - Rename Mode FullDuplex into Enable FDCAN_TXFD for pin PE1 is applicable
2020-05-27 13:31:19,085 [INFO] Rule:211 - rule FDCAN1_R4 - Alternatepin_1 - Rename Mode FullDuplex into Enable FDCAN_TXFD for pin PE0 is applicable
2020-05-27 13:31:19,085 [INFO] Rule:211 - rule FDCAN1_R4 - Alternatepin_2 - Rename Mode FullDuplex into Enable FDCAN_TXFD for pin PD5 is applicable
2020-05-27 13:31:19,085 [INFO] Rule:211 - rule FDCAN1_R4 - Alternatepin_2 - Rename Mode FullDuplex into Enable FDCAN_TXFD for pin PD4 is applicable
2020-05-27 13:31:19,085 [INFO] Rule:211 - rule FDCAN2_R3 - if PD10.Mode=FullDuplex, add Pin PB13 is applicable
2020-05-27 13:31:19,085 [INFO] Rule:211 - rule FDCAN2_R3 - if PD9.Mode=FullDuplex, add Pin PB12 is applicable
2020-05-27 13:31:19,086 [INFO] Rule:211 - rule FDCAN2_R3 - Alternatepin_1 - if PB7.Mode=FullDuplex, add Pin PB6 is applicable
2020-05-27 13:31:19,086 [INFO] Rule:211 - rule FDCAN2_R3 - Alternatepin_1 - if PD9.Mode=FullDuplex, add Pin PB12 is applicable
2020-05-27 13:31:19,086 [INFO] Rule:211 - rule FDCAN2_R4 - Rename Mode FullDuplex into Enable FDCAN_TXFD for pin PD10 is applicable
2020-05-27 13:31:19,086 [INFO] Rule:211 - rule FDCAN2_R4 - Rename Mode FullDuplex into Enable FDCAN_TXFD for pin PD9 is applicable
2020-05-27 13:31:19,086 [INFO] Rule:211 - rule FDCAN2_R4 - Alternatepin_1 - Rename Mode FullDuplex into Enable FDCAN_TXFD for pin PB7 is applicable
2020-05-27 13:31:19,086 [INFO] Rule:211 - rule FDCAN2_R4 - Alternatepin_1 - Rename Mode FullDuplex into Enable FDCAN_TXFD for pin PD6 is applicable
2020-05-27 13:31:19,086 [INFO] Rule:211 - rule USART TxPinLevelInvertParam Mode is applicable
2020-05-27 13:31:19,087 [INFO] Rule:211 - rule USART RxPinLevelInvertParam Mode is applicable
2020-05-27 13:31:19,087 [INFO] Rule:211 - rule USART DataInvertParam Mode is applicable
2020-05-27 13:31:19,087 [INFO] Rule:211 - rule USART SwapParam Mode is applicable
2020-05-27 13:31:19,087 [INFO] Rule:211 - rule USART OverrunDisableParam Mode is applicable
2020-05-27 13:31:19,087 [INFO] Rule:211 - rule USART DMADisableonRxErrorParam Mode is applicable
2020-05-27 13:31:19,087 [INFO] Rule:211 - rule USART MSBFirstParam Mode is applicable
2020-05-27 13:31:19,087 [INFO] Rule:211 - rule Update MwName for USB_DEVICE is applicable
2020-05-27 13:31:19,087 [INFO] Rule:211 - rule Change PWR_Regulator_Voltage_Scale Default Value for RCC  H7 family is applicable
2020-05-27 13:31:19,087 [INFO] Rule:211 - rule UART/USART IPParameter rename Prescaler parameter to ClockPrescaler is applicable
2020-05-27 13:31:19,087 [INFO] Rule:211 - rule UART/USART Prescaler rename Prescaler parameter to ClockPrescaler is applicable
2020-05-27 13:31:19,087 [INFO] Rule:211 - rule TIM1CLockSelection is applicable
2020-05-27 13:31:19,087 [INFO] Rule:211 - rule TIM15CLockSelection is applicable
2020-05-27 13:31:19,087 [INFO] Rule:211 - rule align RCC SDMMC3CLockSelection default value on MP1 is applicable
2020-05-27 13:31:19,087 [INFO] Rule:211 - rule align RCC SDMMC12CLockSelection default value on MP1 is applicable
2020-05-27 13:31:19,087 [INFO] Rule:211 - rule align RCC QSPICLockSelection default value on MP1 is applicable
2020-05-27 13:31:19,087 [INFO] Rule:211 - rule align RCC QSPICLockSelection default value on MP1 is applicable
2020-05-27 13:31:19,087 [INFO] Rule:211 - rule align RCC SPI6CLockSelection default value on MP1 is applicable
2020-05-27 13:31:19,087 [INFO] Rule:211 - rule align RCC LPTIM23CLockSelection default value on MP1 is applicable
2020-05-27 13:31:19,087 [INFO] Rule:211 - rule align RCC LPTIM1CLockSelection default value on MP1 is applicable
2020-05-27 13:31:19,087 [INFO] Rule:211 - rule align RCC USART1CLockSelection default value on MP1 is applicable
2020-05-27 13:31:19,087 [INFO] Rule:211 - rule align RCC USART24CLockSelection default value on MP1 is applicable
2020-05-27 13:31:19,087 [INFO] Rule:211 - rule align RCC USART6CLockSelection default value on MP1 is applicable
2020-05-27 13:31:19,087 [INFO] Rule:211 - rule align RCC UART78CLockSelection default value on MP1 is applicable
2020-05-27 13:31:19,087 [INFO] Rule:211 - rule align RCC USART35CLockSelection default value on MP1 is applicable
2020-05-27 13:31:19,087 [INFO] Rule:211 - rule align RCC SPI45CLockSelection default value on MP1 is applicable
2020-05-27 13:31:19,089 [INFO] Rule:211 - rule align RCC I2C46CLockSelection BCLK value on MP1 is applicable
2020-05-27 13:31:19,089 [INFO] Rule:211 - rule align RCC SPI45CLockSelection default value on MP1 is applicable
2020-05-27 13:31:19,089 [INFO] Rule:211 - rule align RCC I2C12CLockSelection default value on MP1 is applicable
2020-05-27 13:31:19,089 [INFO] Rule:211 - rule align RCC I2C35CLockSelection default value on MP1 is applicable
2020-05-27 13:31:19,089 [INFO] Rule:211 - rule align RCC LPTIM45CLockSelection default value on MP1 is applicable
2020-05-27 13:31:19,089 [INFO] Rule:211 - rule Rename DCMI PIXCK signal is applicable
2020-05-27 13:31:19,090 [INFO] Rule:211 - rule Change Default Value for I2C46CLockSelection MP1 family is applicable
2020-05-27 13:31:19,090 [INFO] Rule:211 - rule Change Default Value for UART for G4, G0 and WB families is applicable
2020-05-27 13:31:19,090 [INFO] Rule:211 - rule Change Default Value for USART for G4, G0 and WB families is applicable
2020-05-27 13:31:19,090 [INFO] Rule:211 - rule Change Default Value for USART for G4 family is applicable
2020-05-27 13:31:19,090 [INFO] Rule:211 - rule Change USART1CLockSelection refparam name for MP1 is applicable
2020-05-27 13:31:19,090 [INFO] Rule:211 - rule Change USART2CLockSelection refparam name for MP1 is applicable
2020-05-27 13:31:19,090 [INFO] Rule:211 - rule Change USART3CLockSelection refparam name for MP1 is applicable
2020-05-27 13:31:19,091 [INFO] Rule:211 - rule Change UART4CLockSelection refparam name for MP1 is applicable
2020-05-27 13:31:19,091 [INFO] Rule:211 - rule Change UART5CLockSelection refparam name for MP1 is applicable
2020-05-27 13:31:19,091 [INFO] Rule:211 - rule Change LPUART1CLockSelection refparam name for MP1 is applicable
2020-05-27 13:31:19,091 [INFO] Rule:211 - rule Change LPTIM1CLockSelection refparam name for MP1 is applicable
2020-05-27 13:31:19,091 [INFO] Rule:211 - rule Change LPTIM2CLockSelection refparam name for MP1 is applicable
2020-05-27 13:31:19,091 [INFO] Rule:211 - rule Change RCC_MCO1Source refparam name for MP1 is applicable
2020-05-27 13:31:19,091 [INFO] Rule:211 - rule Change LSCOSource1 refparam name for MP1 is applicable
2020-05-27 13:31:19,091 [INFO] Rule:211 - rule Change SMPSCLockSelection refparam name for MP1 is applicable
2020-05-27 13:31:19,091 [INFO] Rule:211 - rule Change LPTIM3CLockSelection refparam name for MP1 is applicable
2020-05-27 13:31:19,092 [INFO] Rule:211 - rule Change MPCBB* Default Template Mode to Parameters is applicable
2020-05-27 13:31:19,092 [INFO] Rule:211 - rule Change MPCWM* or MPCBB* Secure Mode to Parameters is applicable
2020-05-27 13:31:19,092 [INFO] Rule:211 - rule Change MPCWM* or MPCBB* No Secure Mode to Parameters is applicable
2020-05-27 13:31:19,092 [INFO] Rule:211 - rule Change TZSC IP Secure Mode to Parameters is applicable
2020-05-27 13:31:19,092 [INFO] Rule:211 - rule Change TZSC IP No Secure Mode to Parameters is applicable
2020-05-27 13:31:19,092 [INFO] Rule:211 - rule Change TZSC IP Privilege Mode to Parameters is applicable
2020-05-27 13:31:19,092 [INFO] Rule:211 - rule Change TZSC IP No Privilege Mode to Parameters is applicable
2020-05-27 13:31:19,092 [INFO] Rule:211 - rule Change TZIC IT Secure Mode to Parameters is applicable
2020-05-27 13:31:19,092 [INFO] Rule:211 - rule Change TZIC IT No Secure Mode to Parameters is applicable
2020-05-27 13:31:19,093 [INFO] Rule:211 - rule Add MPCBB1_NonSecureArea_Start_Address value with referenced to MPCBB1_NonSecureArea_Start value is applicable
2020-05-27 13:31:19,093 [INFO] Rule:211 - rule Add MPCBB2_NonSecureArea_Start_Address value with referenced to MPCBB2_NonSecureArea_Start value is applicable
2020-05-27 13:31:19,093 [INFO] Rule:211 - rule Add MPCWM1_NonSecureArea*_Start_Address value with referenced to MPCWM1_NonSecureArea*_Start value is applicable
2020-05-27 13:31:19,093 [INFO] Rule:211 - rule Add MPCWM2_NonSecureArea*_Start_Address value with referenced to MPCWM2_NonSecureArea*_Start value is applicable
2020-05-27 13:31:19,093 [INFO] Rule:211 - rule Add MPCWM3_NonSecureArea_Start_Address value with referenced to MPCWM3_NonSecureArea_Start value is applicable
2020-05-27 13:31:19,093 [INFO] Rule:211 - rule Change Default Value for PLL1UserDefinedConfig is applicable
2020-05-27 13:31:19,093 [INFO] Rule:211 - rule Change GPIO_PuPd Default Value for USART in async mode is applicable
2020-05-27 13:31:19,093 [INFO] Rule:211 - rule Change SMPSDivider Default Value is applicable
2020-05-27 13:31:19,112 [INFO] DbConfProperties:294 - Apply Compatibility (46/173 Rules)
2020-05-27 13:31:19,218 [INFO] ImportTextPane:162 - (OptionalMessage_ERROR) Unable to find key (Mcu.ThirdPartyNb) in loaded IOC file
2020-05-27 13:31:19,266 [INFO] ImportTextPane:162 - (OptionalMessage_ERROR) IP (RCC) : Parameter (RTCHSEDivFreq_Value) has invalid value (4000000)
2020-05-27 13:31:19,463 [INFO] UtilMem:74 - End LoadConfig() Used Memory: 280685024 Bytes (440401920)
2020-05-27 13:31:19,475 [INFO] ThirdPartyDb:295 - Open Third Party DataBase File (C:/Users/Hrishi/.stm32cubemx/plugins/thirdparty/db/thirdparties_db.xml) : 5 ms. number of Sw pack : 12
2020-05-27 13:31:19,517 [INFO] DependencyParser:785 - This component is not compatible with the current MCU : [1585328115381]
2020-05-27 13:31:19,518 [INFO] ThirdPartyModel:521 - Component with status : MCU_INCOMPATIBLE for condition : OS Tick GTIM id : 1585328114708
2020-05-27 13:31:19,518 [INFO] DependencyParser:785 - This component is not compatible with the current MCU : [1585328117957, 1585328115464]
2020-05-27 13:31:19,674 [INFO] ThirdParty:899 - CMSIS Pack Vendor :STMicroelectronics X-CUBE-BLE1 5.0.0
2020-05-27 13:31:19,675 [INFO] ThirdParty:899 - CMSIS Pack Vendor :STMicroelectronics X-CUBE-SUBG2 1.1.0
2020-05-27 13:31:19,675 [INFO] ThirdParty:899 - CMSIS Pack Vendor :STMicroelectronics X-CUBE-GNSS1 4.1.0
2020-05-27 13:31:19,675 [INFO] ThirdParty:899 - CMSIS Pack Vendor :ARM CMSIS 5.6.0
2020-05-27 13:31:19,675 [INFO] ThirdParty:899 - CMSIS Pack Vendor :STMicroelectronics X-CUBE-TOUCHGFX 4.13.0
2020-05-27 13:31:19,675 [INFO] ThirdParty:899 - CMSIS Pack Vendor :STMicroelectronics X-CUBE-NFC4 1.5.2
2020-05-27 13:31:19,675 [INFO] ThirdParty:899 - CMSIS Pack Vendor :STMicroelectronics X-CUBE-MEMS1 7.1.0
2020-05-27 13:31:19,675 [INFO] ThirdParty:899 - CMSIS Pack Vendor :STMicroelectronics FreeRTOS 0.0.1
2020-05-27 13:31:19,675 [INFO] ThirdParty:899 - CMSIS Pack Vendor :STMicroelectronics X-CUBE-ALGOBUILD 1.0.0
2020-05-27 13:31:19,675 [INFO] ThirdParty:899 - CMSIS Pack Vendor :STMicroelectronics X-CUBE-MEMS1 7.2.0
2020-05-27 13:31:19,676 [INFO] ThirdParty:899 - CMSIS Pack Vendor :STMicroelectronics X-CUBE-AI 5.0.0
2020-05-27 13:31:19,676 [INFO] ThirdParty:899 - CMSIS Pack Vendor :STMicroelectronics X-CUBE-BLE2 1.0.0
2020-05-27 13:31:20,011 [INFO] PinOutPanel:1420 - setPackage(No Configuration,No Configuration)
2020-05-27 13:31:20,011 [INFO] PinOutPanel:1420 - setPackage(STM32F401RETx,LQFP64)
2020-05-27 13:31:21,199 [INFO] UtilMem:74 - Before build in PCC Used Memory: 298913968 Bytes (440401920)
2020-05-27 13:31:22,007 [INFO] SharedServices:71 - Folder for power plug-in: C:/Users/Hrishi/.stm32cubemx/plugins/power
2020-05-27 13:31:22,054 [INFO] SharedServices:71 - Folder for power plug-in: C:/Users/Hrishi/.stm32cubemx/plugins/power
2020-05-27 13:31:22,090 [INFO] SharedServices:71 - Folder for power plug-in: C:/Users/Hrishi/.stm32cubemx/plugins/power
2020-05-27 13:31:22,090 [INFO] SharedServices:71 - Folder for power plug-in: C:/Users/Hrishi/.stm32cubemx/plugins/power
2020-05-27 13:31:22,388 [INFO] UtilMem:74 - After build in PCC Used Memory: 355537072 Bytes (440401920)
2020-05-27 13:31:22,411 [INFO] IPUIPlugin:65 - create IPUIPlugin
2020-05-27 13:31:22,411 [INFO] IPUIPlugin:65 - create IPUIPlugin
2020-05-27 13:31:22,412 [INFO] IPUIPlugin:65 - create IPUIPlugin
2020-05-27 13:31:22,412 [INFO] IPUIPlugin:65 - create IPUIPlugin
2020-05-27 13:31:22,412 [INFO] IPUIPlugin:65 - create IPUIPlugin
2020-05-27 13:31:22,412 [INFO] IPUIPlugin:65 - create IPUIPlugin
2020-05-27 13:31:22,412 [INFO] IPUIPlugin:65 - create IPUIPlugin
2020-05-27 13:31:22,413 [INFO] IPUIPlugin:65 - create IPUIPlugin
2020-05-27 13:31:22,413 [INFO] IPUIPlugin:65 - create IPUIPlugin
2020-05-27 13:31:22,413 [INFO] IPUIPlugin:65 - create IPUIPlugin
2020-05-27 13:31:22,413 [INFO] IPUIPlugin:65 - create IPUIPlugin
2020-05-27 13:31:22,413 [INFO] IPUIPlugin:65 - create IPUIPlugin
2020-05-27 13:31:22,413 [INFO] IPUIPlugin:65 - create IPUIPlugin
2020-05-27 13:31:22,414 [INFO] IPUIPlugin:65 - create IPUIPlugin
2020-05-27 13:31:22,414 [INFO] IPUIPlugin:65 - create IPUIPlugin
2020-05-27 13:31:22,414 [INFO] IPUIPlugin:65 - create IPUIPlugin
2020-05-27 13:31:22,414 [INFO] IPUIPlugin:65 - create IPUIPlugin
2020-05-27 13:31:22,414 [INFO] IPUIPlugin:65 - create IPUIPlugin
2020-05-27 13:31:22,415 [INFO] IPUIPlugin:65 - create IPUIPlugin
2020-05-27 13:31:22,415 [INFO] IPUIPlugin:65 - create IPUIPlugin
2020-05-27 13:31:22,415 [INFO] IPUIPlugin:65 - create IPUIPlugin
2020-05-27 13:31:22,415 [INFO] IPUIPlugin:65 - create IPUIPlugin
2020-05-27 13:31:22,415 [INFO] IPUIPlugin:65 - create IPUIPlugin
2020-05-27 13:31:22,416 [INFO] IPUIPlugin:65 - create IPUIPlugin
2020-05-27 13:31:22,416 [INFO] IPUIPlugin:65 - create IPUIPlugin
2020-05-27 13:31:22,416 [INFO] IPUIPlugin:65 - create IPUIPlugin
2020-05-27 13:31:22,416 [INFO] IPUIPlugin:65 - create IPUIPlugin
2020-05-27 13:31:22,416 [INFO] IPUIPlugin:65 - create IPUIPlugin
2020-05-27 13:31:22,417 [INFO] IPUIPlugin:65 - create IPUIPlugin
2020-05-27 13:31:22,417 [INFO] IPUIPlugin:65 - create IPUIPlugin
2020-05-27 13:31:22,417 [INFO] IPUIPlugin:65 - create IPUIPlugin
2020-05-27 13:31:22,417 [INFO] IPUIPlugin:65 - create IPUIPlugin
2020-05-27 13:31:22,417 [INFO] IPUIPlugin:65 - create IPUIPlugin
2020-05-27 13:31:22,418 [INFO] IPUIPlugin:65 - create IPUIPlugin
2020-05-27 13:31:22,418 [INFO] IPUIPlugin:65 - create IPUIPlugin
2020-05-27 13:31:22,418 [INFO] IPUIPlugin:65 - create IPUIPlugin
2020-05-27 13:31:22,418 [INFO] IPUIPlugin:65 - create IPUIPlugin
2020-05-27 13:31:22,418 [INFO] IPUIPlugin:65 - create IPUIPlugin
2020-05-27 13:31:22,499 [INFO] LogOutputStream:76 - [STDOUT_REDIRECT] toolchainItems.length=====1
2020-05-27 13:31:22,613 [INFO] OpenFileManager:294 - Restore cursor
2020-05-27 13:31:22,897 [INFO] UtilMem:74 - End SaveConfig() Used Memory: 295067864 Bytes (440401920)
2020-05-27 13:31:22,949 [INFO] UtilMem:74 - End SaveConfig() Used Memory: 299964000 Bytes (440401920)
2020-05-27 13:31:23,371 [INFO] BlockDiagram:2671 - set Specific Code input for plugin: NVIC
2020-05-27 13:31:23,371 [INFO] BlockDiagram:2671 - set Specific Code input for plugin: USART
2020-05-27 13:31:23,371 [INFO] BlockDiagram:2671 - set Specific Code input for plugin: SYS
2020-05-27 13:31:23,371 [INFO] BlockDiagram:2671 - set Specific Code input for plugin: GPIO
2020-05-27 13:31:23,371 [INFO] BlockDiagram:2671 - set Specific Code input for plugin: RCC
2020-05-27 13:31:23,372 [INFO] CodeGenerator:603 - code generatio: config db path: C:\ST\STM32CubeIDE_1.3.0\STM32CubeIDE\plugins\com.st.stm32cube.common.mx_5.6.0.202002181639\\db\
2020-05-27 13:31:24,037 [INFO] CodeEngine:188 - oldGeneratedFile, E:\STM32F401RE Nucleo\NUCLEO-F401RE HAL Projects\UART\Example1\MXTmpFiles\license.tmp_save
2020-05-27 13:31:24,440 [INFO] CodeEngine:206 - Generated code: E:\STM32F401RE Nucleo\NUCLEO-F401RE HAL Projects\UART\Example1\MXTmpFiles\license.tmp
2020-05-27 13:31:24,695 [INFO] CodeEngine:188 - oldGeneratedFile, E:\STM32F401RE Nucleo\NUCLEO-F401RE HAL Projects\UART\Example1\MXTmpFiles\gpio.tmp_save
2020-05-27 13:31:24,845 [INFO] CodeEngine:206 - Generated code: E:\STM32F401RE Nucleo\NUCLEO-F401RE HAL Projects\UART\Example1\MXTmpFiles\gpio.tmp
2020-05-27 13:31:25,041 [INFO] LogOutputStream:76 - [STDOUT_REDIRECT] Command line
2020-05-27 13:31:25,041 [INFO] LogOutputStream:76 - [STDOUT_REDIRECT] Debug : prepare data for USART
2020-05-27 13:31:25,041 [INFO] LogOutputStream:76 - [STDOUT_REDIRECT] Command line test
2020-05-27 13:31:25,041 [INFO] LogOutputStream:76 - [STDOUT_REDIRECT] Debug : prepare data for NVIC
2020-05-27 13:31:25,041 [INFO] LogOutputStream:76 - [STDOUT_REDIRECT] Command line test
2020-05-27 13:31:25,093 [INFO] CodeEngine:188 - oldGeneratedFile, E:\STM32F401RE Nucleo\NUCLEO-F401RE HAL Projects\UART\Example1\Core\Src\stm32f4xx_it.c_save
2020-05-27 13:31:25,240 [INFO] CodeEngine:206 - Generated code: E:\STM32F401RE Nucleo\NUCLEO-F401RE HAL Projects\UART\Example1\Core\Src\stm32f4xx_it.c
2020-05-27 13:31:25,291 [INFO] CodeEngine:188 - oldGeneratedFile, E:\STM32F401RE Nucleo\NUCLEO-F401RE HAL Projects\UART\Example1\Core\Inc\stm32f4xx_it.h_save
2020-05-27 13:31:25,373 [INFO] CodeEngine:206 - Generated code: E:\STM32F401RE Nucleo\NUCLEO-F401RE HAL Projects\UART\Example1\Core\Inc\stm32f4xx_it.h
2020-05-27 13:31:25,422 [INFO] CodeEngine:188 - oldGeneratedFile, E:\STM32F401RE Nucleo\NUCLEO-F401RE HAL Projects\UART\Example1\Core\Src\stm32f4xx_hal_msp.c_save
2020-05-27 13:31:25,552 [INFO] CodeEngine:206 - Generated code: E:\STM32F401RE Nucleo\NUCLEO-F401RE HAL Projects\UART\Example1\Core\Src\stm32f4xx_hal_msp.c
2020-05-27 13:31:25,603 [INFO] CodeEngine:188 - oldGeneratedFile, E:\STM32F401RE Nucleo\NUCLEO-F401RE HAL Projects\UART\Example1\MXTmpFiles\system.tmp_save
2020-05-27 13:31:25,683 [INFO] CodeEngine:206 - Generated code: E:\STM32F401RE Nucleo\NUCLEO-F401RE HAL Projects\UART\Example1\MXTmpFiles\system.tmp
2020-05-27 13:31:25,734 [INFO] CodeEngine:188 - oldGeneratedFile, E:\STM32F401RE Nucleo\NUCLEO-F401RE HAL Projects\UART\Example1\Core\Inc\stm32f4xx_hal_conf.h_save
2020-05-27 13:31:25,839 [INFO] CodeEngine:206 - Generated code: E:\STM32F401RE Nucleo\NUCLEO-F401RE HAL Projects\UART\Example1\Core\Inc\stm32f4xx_hal_conf.h
2020-05-27 13:31:25,853 [WARN] IPConfigManager:2701 - IP not found : gpio
2020-05-27 13:31:25,855 [WARN] CodeGenerator:2649 - IP not found : gpio
2020-05-27 13:31:25,901 [INFO] CodeEngine:188 - oldGeneratedFile, E:\STM32F401RE Nucleo\NUCLEO-F401RE HAL Projects\UART\Example1\Core\Inc\main.h_save
2020-05-27 13:31:25,998 [INFO] CodeEngine:206 - Generated code: E:\STM32F401RE Nucleo\NUCLEO-F401RE HAL Projects\UART\Example1\Core\Inc\main.h
2020-05-27 13:31:26,677 [INFO] CodeEngine:188 - oldGeneratedFile, E:\STM32F401RE Nucleo\NUCLEO-F401RE HAL Projects\UART\Example1\Core\Src\main.c_save
2020-05-27 13:31:26,776 [INFO] CodeEngine:206 - Generated code: E:\STM32F401RE Nucleo\NUCLEO-F401RE HAL Projects\UART\Example1\Core\Src\main.c
2020-05-27 13:31:28,531 [INFO] ProjectBuilder:2002 - Time for Copy HAL[1] : 1186mS.
2020-05-27 13:31:28,538 [INFO] ProjectBuilder:2727 - Project Generator version: 3.7.1
2020-05-27 13:31:28,923 [INFO] ConfigFileManager:1066 - The Die is : DIE433
2020-05-27 13:31:37,419 [INFO] ProjectBuilder:2894 - Time for Generating toolchain IDE Files: 8881mS.
2020-05-27 13:31:37,420 [INFO] ProjectBuilder:1878 - Time for Copy CMSIS : 0mS.
2020-05-27 13:31:37,422 [INFO] ProjectBuilder:1878 - Time for Copy CMSIS : 1mS.
2020-05-27 13:31:54,077 [INFO] MainUpdater:2230 - connection check result : 10
2020-05-27 13:31:54,119 [INFO] MicroXplorer:390 - Change Database Path : 
2020-05-27 13:31:54,119 [INFO] MicroXplorer:420 - Change Database Version : DB.5.0.60
2020-05-27 13:31:54,126 [INFO] PinOutPanel:1420 - setPackage(No Configuration,No Configuration)
2020-05-27 13:31:54,128 [INFO] UtilMem:74 - Begin LoadConfig() Used Memory: 530749000 Bytes (878706688)
2020-05-27 13:31:54,128 [INFO] MicroXplorer:390 - Change Database Path : 
2020-05-27 13:31:54,128 [INFO] MicroXplorer:420 - Change Database Version : DB.5.0.60
2020-05-27 13:31:54,128 [INFO] OpenFileManager:274 - Change cursor
2020-05-27 13:31:54,136 [INFO] RulesReader:52 - Compatibility file has been processed (208 Rules)
2020-05-27 13:31:55,087 [INFO] ImportTextPane:162 - (OptionalMessage_ERROR) IP (RCC) : Parameter (RTCHSEDivFreq_Value) has invalid value (4000000)
2020-05-27 13:31:55,206 [INFO] UtilMem:74 - End LoadConfig() Used Memory: 610248720 Bytes (878706688)
2020-05-27 13:31:55,206 [INFO] DependencyParser:785 - This component is not compatible with the current MCU : [1585328115381]
2020-05-27 13:31:55,206 [INFO] ThirdPartyModel:521 - Component with status : MCU_INCOMPATIBLE for condition : OS Tick GTIM id : 1585328114708
2020-05-27 13:31:55,206 [INFO] DependencyParser:785 - This component is not compatible with the current MCU : [1585328117957, 1585328115464]
2020-05-27 13:31:55,337 [INFO] ThirdParty:899 - CMSIS Pack Vendor :STMicroelectronics X-CUBE-BLE1 5.0.0
2020-05-27 13:31:55,337 [INFO] ThirdParty:899 - CMSIS Pack Vendor :STMicroelectronics X-CUBE-SUBG2 1.1.0
2020-05-27 13:31:55,338 [INFO] ThirdParty:899 - CMSIS Pack Vendor :STMicroelectronics X-CUBE-GNSS1 4.1.0
2020-05-27 13:31:55,338 [INFO] ThirdParty:899 - CMSIS Pack Vendor :ARM CMSIS 5.6.0
2020-05-27 13:31:55,338 [INFO] ThirdParty:899 - CMSIS Pack Vendor :STMicroelectronics X-CUBE-TOUCHGFX 4.13.0
2020-05-27 13:31:55,338 [INFO] ThirdParty:899 - CMSIS Pack Vendor :STMicroelectronics X-CUBE-NFC4 1.5.2
2020-05-27 13:31:55,338 [INFO] ThirdParty:899 - CMSIS Pack Vendor :STMicroelectronics X-CUBE-MEMS1 7.1.0
2020-05-27 13:31:55,338 [INFO] ThirdParty:899 - CMSIS Pack Vendor :STMicroelectronics FreeRTOS 0.0.1
2020-05-27 13:31:55,338 [INFO] ThirdParty:899 - CMSIS Pack Vendor :STMicroelectronics X-CUBE-ALGOBUILD 1.0.0
2020-05-27 13:31:55,338 [INFO] ThirdParty:899 - CMSIS Pack Vendor :STMicroelectronics X-CUBE-MEMS1 7.2.0
2020-05-27 13:31:55,338 [INFO] ThirdParty:899 - CMSIS Pack Vendor :STMicroelectronics X-CUBE-AI 5.0.0
2020-05-27 13:31:55,338 [INFO] ThirdParty:899 - CMSIS Pack Vendor :STMicroelectronics X-CUBE-BLE2 1.0.0
2020-05-27 13:31:55,436 [INFO] PinOutPanel:1420 - setPackage(No Configuration,No Configuration)
2020-05-27 13:31:55,437 [INFO] PinOutPanel:1420 - setPackage(STM32F401RETx,LQFP64)
2020-05-27 13:31:55,617 [INFO] UtilMem:74 - Before build in PCC Used Memory: 445922160 Bytes (878706688)
2020-05-27 13:31:55,848 [INFO] SharedServices:71 - Folder for power plug-in: C:/Users/Hrishi/.stm32cubemx/plugins/power
2020-05-27 13:31:55,893 [INFO] SharedServices:71 - Folder for power plug-in: C:/Users/Hrishi/.stm32cubemx/plugins/power
2020-05-27 13:31:55,915 [INFO] SharedServices:71 - Folder for power plug-in: C:/Users/Hrishi/.stm32cubemx/plugins/power
2020-05-27 13:31:55,915 [INFO] SharedServices:71 - Folder for power plug-in: C:/Users/Hrishi/.stm32cubemx/plugins/power
2020-05-27 13:31:55,948 [INFO] UtilMem:74 - After build in PCC Used Memory: 487871360 Bytes (878706688)
2020-05-27 13:31:55,964 [INFO] IPUIPlugin:65 - create IPUIPlugin
2020-05-27 13:31:55,964 [INFO] IPUIPlugin:65 - create IPUIPlugin
2020-05-27 13:31:55,964 [INFO] IPUIPlugin:65 - create IPUIPlugin
2020-05-27 13:31:55,964 [INFO] IPUIPlugin:65 - create IPUIPlugin
2020-05-27 13:31:55,964 [INFO] IPUIPlugin:65 - create IPUIPlugin
2020-05-27 13:31:55,964 [INFO] IPUIPlugin:65 - create IPUIPlugin
2020-05-27 13:31:55,964 [INFO] IPUIPlugin:65 - create IPUIPlugin
2020-05-27 13:31:55,964 [INFO] IPUIPlugin:65 - create IPUIPlugin
2020-05-27 13:31:55,964 [INFO] IPUIPlugin:65 - create IPUIPlugin
2020-05-27 13:31:55,964 [INFO] IPUIPlugin:65 - create IPUIPlugin
2020-05-27 13:31:55,964 [INFO] IPUIPlugin:65 - create IPUIPlugin
2020-05-27 13:31:55,964 [INFO] IPUIPlugin:65 - create IPUIPlugin
2020-05-27 13:31:55,964 [INFO] IPUIPlugin:65 - create IPUIPlugin
2020-05-27 13:31:55,964 [INFO] IPUIPlugin:65 - create IPUIPlugin
2020-05-27 13:31:55,964 [INFO] IPUIPlugin:65 - create IPUIPlugin
2020-05-27 13:31:55,964 [INFO] IPUIPlugin:65 - create IPUIPlugin
2020-05-27 13:31:55,964 [INFO] IPUIPlugin:65 - create IPUIPlugin
2020-05-27 13:31:55,964 [INFO] IPUIPlugin:65 - create IPUIPlugin
2020-05-27 13:31:55,964 [INFO] IPUIPlugin:65 - create IPUIPlugin
2020-05-27 13:31:55,964 [INFO] IPUIPlugin:65 - create IPUIPlugin
2020-05-27 13:31:55,964 [INFO] IPUIPlugin:65 - create IPUIPlugin
2020-05-27 13:31:55,964 [INFO] IPUIPlugin:65 - create IPUIPlugin
2020-05-27 13:31:55,964 [INFO] IPUIPlugin:65 - create IPUIPlugin
2020-05-27 13:31:55,964 [INFO] IPUIPlugin:65 - create IPUIPlugin
2020-05-27 13:31:55,979 [INFO] IPUIPlugin:65 - create IPUIPlugin
2020-05-27 13:31:55,979 [INFO] IPUIPlugin:65 - create IPUIPlugin
2020-05-27 13:31:55,980 [INFO] IPUIPlugin:65 - create IPUIPlugin
2020-05-27 13:31:55,980 [INFO] IPUIPlugin:65 - create IPUIPlugin
2020-05-27 13:31:55,980 [INFO] IPUIPlugin:65 - create IPUIPlugin
2020-05-27 13:31:55,980 [INFO] IPUIPlugin:65 - create IPUIPlugin
2020-05-27 13:31:55,981 [INFO] IPUIPlugin:65 - create IPUIPlugin
2020-05-27 13:31:55,981 [INFO] IPUIPlugin:65 - create IPUIPlugin
2020-05-27 13:31:55,981 [INFO] IPUIPlugin:65 - create IPUIPlugin
2020-05-27 13:31:55,981 [INFO] IPUIPlugin:65 - create IPUIPlugin
2020-05-27 13:31:55,981 [INFO] IPUIPlugin:65 - create IPUIPlugin
2020-05-27 13:31:55,981 [INFO] IPUIPlugin:65 - create IPUIPlugin
2020-05-27 13:31:55,981 [INFO] IPUIPlugin:65 - create IPUIPlugin
2020-05-27 13:31:55,981 [INFO] IPUIPlugin:65 - create IPUIPlugin
2020-05-27 13:31:55,996 [INFO] OpenFileManager:294 - Restore cursor
2020-05-27 17:02:47,344 [INFO] MainUpdater:2230 - connection check result : 10
2020-05-27 17:02:47,347 [INFO] LogOutputStream:76 - [STDOUT_REDIRECT] Successfull proxy connection.
2020-05-27 17:02:47,385 [INFO] McuFinderGlobals:40 - Set McuFinder mode to 2 (CubeIDE integrated)
2020-05-27 17:02:47,387 [INFO] FinderPluginLoader:86 - Searching for filters in installed packs
2020-05-27 17:02:47,942 [INFO] LoadUrlFilesThread:161 - End of LoadServerUrlFiles without Thread
2020-05-27 17:02:47,944 [INFO] McuDetailPanel:181 - Set advertising image to C:/Users/Hrishi/STM32Cube/Repository/\PR_STM32Cube_GitHub_0320_V1.png
2020-05-27 17:02:48,110 [INFO] McuFilterPanel:249 - Update 0 favorites MCUs
2020-05-27 17:02:48,207 [INFO] LoadUrlFilesThread:161 - End of LoadServerUrlFiles without Thread
2020-05-27 17:02:48,207 [INFO] BoardDetailPanel:180 - Set advertising image to C:/Users/Hrishi/STM32Cube/Repository/\PR_STM32Cube_GitHub_0320_V1.png
2020-05-27 17:02:48,217 [INFO] BoardFilterPanel:211 - Update 0 favorites Boards
2020-05-27 17:02:48,271 [INFO] CrossSelectorPresenter:1319 - Cross Selector saved comparison directory: C:\Users\Hrishi\.stmcufinder\plugins\mcufinder\mcu\cs_comparisons_mx
2020-05-27 17:03:47,109 [INFO] LogOutputStream:76 - [STDOUT_REDIRECT] withoutVersionV1.25.0
2020-05-27 17:03:55,806 [INFO] LogOutputStream:76 - [STDOUT_REDIRECT] File copied successfully!!
2020-05-27 17:03:58,535 [INFO] MainUpdater:2230 - connection check result : 10
2020-05-27 17:03:58,572 [INFO] MicroXplorer:390 - Change Database Path : 
2020-05-27 17:03:58,572 [INFO] MicroXplorer:420 - Change Database Version : DB.5.0.60
2020-05-27 17:03:58,573 [INFO] PinOutPanel:1420 - setPackage(No Configuration,No Configuration)
2020-05-27 17:03:58,575 [INFO] UtilMem:74 - Begin LoadConfig() Used Memory: 474139208 Bytes (878706688)
2020-05-27 17:03:58,576 [INFO] OpenFileManager:274 - Change cursor
2020-05-27 17:04:00,316 [INFO] Rule:211 - rule SPDIFRX instance for mcu is applicable
2020-05-27 17:04:00,316 [INFO] Rule:211 - rule Rename Tracer Mode is applicable
2020-05-27 17:04:00,316 [INFO] Rule:211 - rule SPDIFRX instance value for IP SPDIFRX is applicable
2020-05-27 17:04:00,316 [INFO] Rule:211 - rule SPDIFRX instance for signal is applicable
2020-05-27 17:04:00,316 [INFO] Rule:211 - rule SPDIFRX instance for project manager is applicable
2020-05-27 17:04:00,316 [INFO] Rule:211 - rule SPDIFRX instance for project manager is applicable
2020-05-27 17:04:00,316 [INFO] Rule:211 - rule ADC Scan  fix with FW F7 is applicable
2020-05-27 17:04:00,316 [INFO] Rule:211 - rule ADC Scan  fix with FW F7 is applicable
2020-05-27 17:04:00,316 [INFO] Rule:211 - rule Add RTC Activate Clock Source is applicable
2020-05-27 17:04:00,316 [INFO] Rule:211 - rule Add RTC Activate Calendar 1 is applicable
2020-05-27 17:04:00,316 [INFO] Rule:211 - rule Add RTC Activate Calendar 2 is applicable
2020-05-27 17:04:00,316 [INFO] Rule:211 - rule Add RTC Activate Calendar 3 is applicable
2020-05-27 17:04:00,316 [INFO] Rule:211 - rule UART/USART TX Mode is applicable
2020-05-27 17:04:00,316 [INFO] Rule:211 - rule UART/USART RX Mode is applicable
2020-05-27 17:04:00,316 [INFO] Rule:211 - rule UART/USART RX TX Mode is applicable
2020-05-27 17:04:00,316 [INFO] Rule:211 - rule UART/USART PARITY NONE is applicable
2020-05-27 17:04:00,316 [INFO] Rule:211 - rule UART/USART PARITY EVEN is applicable
2020-05-27 17:04:00,316 [INFO] Rule:211 - rule UART/USART PARITY ODD is applicable
2020-05-27 17:04:00,316 [INFO] Rule:211 - rule USART StopBits 1 is applicable
2020-05-27 17:04:00,316 [INFO] Rule:211 - rule USART StopBits 2 is applicable
2020-05-27 17:04:00,316 [INFO] Rule:211 - rule USART StopBits 1.5 is applicable
2020-05-27 17:04:00,316 [INFO] Rule:211 - rule USART StopBits 0.5 is applicable
2020-05-27 17:04:00,316 [INFO] Rule:211 - rule UART/USART WORD LENGTH 7 is applicable
2020-05-27 17:04:00,316 [INFO] Rule:211 - rule UART/USART WORD LENGTH 8 is applicable
2020-05-27 17:04:00,316 [INFO] Rule:211 - rule UART/USART WORD LENGTH 9 is applicable
2020-05-27 17:04:00,316 [INFO] Rule:211 - rule Rename FMC NAND NCE signal is applicable
2020-05-27 17:04:00,316 [INFO] Rule:211 - rule Rename FMC NAND INT signal is applicable
2020-05-27 17:04:00,316 [INFO] Rule:211 - rule Change Default Value for ADC ExternalTrigConv L4 family is applicable
2020-05-27 17:04:00,316 [INFO] Rule:211 - rule Change Default Value for ADC ExternalTrigInjecConv L4 family is applicable
2020-05-27 17:04:00,316 [INFO] Rule:211 - rule Change Default Value for ADC ExternalTrigConv F3 family is applicable
2020-05-27 17:04:00,316 [INFO] Rule:211 - rule Change Default Value for ADC ExternalTrigInjecConv F3 family is applicable
2020-05-27 17:04:00,316 [INFO] Rule:211 - rule Change Default Value for ADC ExternalTrigConv Goldfish serie is applicable
2020-05-27 17:04:00,316 [INFO] Rule:211 - rule Change Default Value for ADC ExternalTrigInjecConv Goldfish serie is applicable
2020-05-27 17:04:00,316 [INFO] Rule:211 - rule Change Default Value for ADC ExternalTrigConv L0 family is applicable
2020-05-27 17:04:00,316 [INFO] Rule:211 - rule Change Default Value for ADC ExternalTrigConv F0 family is applicable
2020-05-27 17:04:00,316 [INFO] Rule:211 - rule Change Default Value for ADC ExternalTrigConvn L1 family is applicable
2020-05-27 17:04:00,316 [INFO] Rule:211 - rule Change Default Value for ADC ExternalTrigInjecConv L1 family is applicable
2020-05-27 17:04:00,316 [INFO] Rule:211 - rule Change Default Value for ADC ExternalTrigConv F1 family is applicable
2020-05-27 17:04:00,316 [INFO] Rule:211 - rule Change Default Value for ADC ExternalTrigInjecConv F1 family is applicable
2020-05-27 17:04:00,316 [INFO] Rule:211 - rule Change Default Value for ADC ExternalTrigConv F7 family is applicable
2020-05-27 17:04:00,316 [INFO] Rule:211 - rule Change Default Value for ADC ExternalTrigInjecConv F7 family is applicable
2020-05-27 17:04:00,316 [INFO] Rule:211 - rule Change Default Value for ADC ExternalTrigConv F4 and F2 family is applicable
2020-05-27 17:04:00,316 [INFO] Rule:211 - rule Change Default Value for ADC ExternalTrigInjecConv F4 and F2 family is applicable
2020-05-27 17:04:00,316 [INFO] Rule:211 - rule ADC SamplingTime fix with FW L0  is applicable
2020-05-27 17:04:00,316 [INFO] Rule:211 - rule ADC SamplingTime fix with FW L0  is applicable
2020-05-27 17:04:00,316 [INFO] Rule:211 - rule ADC SamplingTime fix with FW L0 is applicable
2020-05-27 17:04:00,316 [INFO] Rule:211 - rule ADC SamplingTime fix with FW L0 is applicable
2020-05-27 17:04:00,316 [INFO] Rule:211 - rule ADC SamplingTime fix with FW L0  is applicable
2020-05-27 17:04:00,316 [INFO] Rule:211 - rule ADC SamplingTime fix with FW L0 is applicable
2020-05-27 17:04:00,316 [INFO] Rule:211 - rule Rename USB_OE Signal is applicable
2020-05-27 17:04:00,316 [INFO] Rule:211 - rule Rename Activate_OE Mode is applicable
2020-05-27 17:04:00,316 [INFO] Rule:211 - rule Rename DIE462/DIE415 pin PC14/OSC32_IN -> PC14-OSC32_IN (PC14) is applicable
2020-05-27 17:04:00,316 [INFO] Rule:211 - rule Rename DIE462/DIE415 pin PC15/OSC32_OUT -> PC15-OSC32_OUT (PC15) is applicable
2020-05-27 17:04:00,316 [INFO] Rule:211 - rule Rename DIE462/DIE415 pin PH0/OSC_IN -> PH0-OSC_IN (PH0) is applicable
2020-05-27 17:04:00,316 [INFO] Rule:211 - rule Rename DIE462/DIE415 pin PH1/OSC_OUT -> PH1-OSC_OUT (PH1) is applicable
2020-05-27 17:04:00,316 [INFO] Rule:211 - rule Rename DIE462 pin PA13 -> PA13 (JTMS/SWDIO) is applicable
2020-05-27 17:04:00,316 [INFO] Rule:211 - rule Rename DIE415 pin PA13 -> PA13 (JTMS/SWDIO) is applicable
2020-05-27 17:04:00,316 [INFO] Rule:211 - rule Rename DIE462 pin PA14 -> PA14 (JTCK/SWCLK) is applicable
2020-05-27 17:04:00,316 [INFO] Rule:211 - rule Rename DIE415 pin PA14 -> PA14 (JTCK/SWCLK) is applicable
2020-05-27 17:04:00,316 [INFO] Rule:211 - rule Rename DIE462/DIE415 pin PA15 -> PA15 (JTDI) is applicable
2020-05-27 17:04:00,316 [INFO] Rule:211 - rule Rename DIE462 pin PB3 -> PB3 (JTD0/TRACESWO) is applicable
2020-05-27 17:04:00,316 [INFO] Rule:211 - rule Rename DIE415 pin PB3 -> PB3 (JTD0-TRACESWO) is applicable
2020-05-27 17:04:00,316 [INFO] Rule:211 - rule Rename DIE462/DIE415 pin PB4 -> PB4 (NJTRST) is applicable
2020-05-27 17:04:00,316 [INFO] Rule:211 - rule Rename DIE462 pin PH3/BOOT0 -> PH3-BOOT0 (BOOT0) is applicable
2020-05-27 17:04:00,316 [INFO] Rule:211 - rule Rename CRYP DataEncryptionTypesList to Algorithm is applicable
2020-05-27 17:04:00,316 [INFO] Rule:211 - rule Rename AES DataEncryptionTypesList to Algorithm is applicable
2020-05-27 17:04:00,316 [INFO] Rule:211 - rule Rename TDESECB to CRYP_TDES_ECB is applicable
2020-05-27 17:04:00,316 [INFO] Rule:211 - rule Rename TDESCBC to CRYP_TDES_CBC is applicable
2020-05-27 17:04:00,316 [INFO] Rule:211 - rule Rename DESECB to CRYP_DES_ECB is applicable
2020-05-27 17:04:00,316 [INFO] Rule:211 - rule Rename DESCBC to CRYP_DES_CBC is applicable
2020-05-27 17:04:00,316 [INFO] Rule:211 - rule Rename AESECB to CRYP_AES_ECB is applicable
2020-05-27 17:04:00,316 [INFO] Rule:211 - rule Rename AESCBC to CRYP_AES_CBC is applicable
2020-05-27 17:04:00,316 [INFO] Rule:211 - rule Rename AESCTR to CRYP_AES_CTR is applicable
2020-05-27 17:04:00,316 [INFO] Rule:211 - rule Rename AESGCM to CRYP_AES_GCM is applicable
2020-05-27 17:04:00,316 [INFO] Rule:211 - rule Rename AESCCM to CRYP_AES_CCM is applicable
2020-05-27 17:04:00,316 [INFO] Rule:211 - rule Rename CAN TimeSeg1 to BS1 is applicable
2020-05-27 17:04:00,316 [INFO] Rule:211 - rule Rename CAN TimeSeg2 to BS2 is applicable
2020-05-27 17:04:00,316 [INFO] Rule:211 - rule Rename CAN SyncJumpWidth to SJW is applicable
2020-05-27 17:04:00,316 [INFO] Rule:211 - rule TimeTriggeredMode to TTCM is applicable
2020-05-27 17:04:00,316 [INFO] Rule:211 - rule Rename CAN AutoBusOff to ABOM is applicable
2020-05-27 17:04:00,316 [INFO] Rule:211 - rule Rename CAN AutoWakeUp to AWUM is applicable
2020-05-27 17:04:00,316 [INFO] Rule:211 - rule Rename CAN AutoRetransmission to NART is applicable
2020-05-27 17:04:00,316 [INFO] Rule:211 - rule Rename CAN ReceiveFifoLocked to RFLM is applicable
2020-05-27 17:04:00,316 [INFO] Rule:211 - rule Rename CAN TransmitFifoPriority to TXFP is applicable
2020-05-27 17:04:00,316 [INFO] Rule:211 - rule Rename HRTIMER HRTIM_OUTPUTFAULTLEVEL_HIGH in HRTIMER HRTIM_OUTPUTFAULTLEVEL_HIGHZ is applicable
2020-05-27 17:04:00,316 [INFO] Rule:211 - rule Rename TIMER TIM_CLEARINPUTSOURCE_OCREFCLR in  TIMER TIM_CLEARINPUTSOURCE_NONE for F7 family is applicable
2020-05-27 17:04:00,316 [INFO] Rule:211 - rule FDCAN_R1 - Rename FDCAN mode Master into Classic is applicable
2020-05-27 17:04:00,316 [INFO] Rule:211 - rule FDCAN_R2 - Rename FDCAN mode Slave into Classic is applicable
2020-05-27 17:04:00,316 [INFO] Rule:211 - rule FDCAN1_R3 - if PA10.Mode=FullDuplex, add Pin PA12 is applicable
2020-05-27 17:04:00,316 [INFO] Rule:211 - rule FDCAN1_R3 - if PA9.Mode=FullDuplex, add Pin PA11 is applicable
2020-05-27 17:04:00,316 [INFO] Rule:211 - rule FDCAN1_R3 - Alternatepin_1 - if PE1.Mode=FullDuplex, add Pin PB9 is applicable
2020-05-27 17:04:00,316 [INFO] Rule:211 - rule FDCAN1_R3 - Alternatepin_1 - if PE0.Mode=FullDuplex, add Pin PB8 is applicable
2020-05-27 17:04:00,316 [INFO] Rule:211 - rule FDCAN1_R3 - Alternatepin_2 - if PD5.Mode=FullDuplex, add Pin PD1 is applicable
2020-05-27 17:04:00,316 [INFO] Rule:211 - rule FDCAN1_R3 - Alternatepin_2 - if PD4.Mode=FullDuplex, add Pin PD0 is applicable
2020-05-27 17:04:00,316 [INFO] Rule:211 - rule FDCAN1_R4 - Rename Mode FullDuplex into Enable FDCAN_TXFD for pin PA10 is applicable
2020-05-27 17:04:00,316 [INFO] Rule:211 - rule FDCAN1_R4 - Rename Mode FullDuplex into Enable FDCAN_TXFD for pin PA9 is applicable
2020-05-27 17:04:00,316 [INFO] Rule:211 - rule FDCAN1_R4 - Alternatepin_1 - Rename Mode FullDuplex into Enable FDCAN_TXFD for pin PE1 is applicable
2020-05-27 17:04:00,316 [INFO] Rule:211 - rule FDCAN1_R4 - Alternatepin_1 - Rename Mode FullDuplex into Enable FDCAN_TXFD for pin PE0 is applicable
2020-05-27 17:04:00,316 [INFO] Rule:211 - rule FDCAN1_R4 - Alternatepin_2 - Rename Mode FullDuplex into Enable FDCAN_TXFD for pin PD5 is applicable
2020-05-27 17:04:00,316 [INFO] Rule:211 - rule FDCAN1_R4 - Alternatepin_2 - Rename Mode FullDuplex into Enable FDCAN_TXFD for pin PD4 is applicable
2020-05-27 17:04:00,316 [INFO] Rule:211 - rule FDCAN2_R3 - if PD10.Mode=FullDuplex, add Pin PB13 is applicable
2020-05-27 17:04:00,316 [INFO] Rule:211 - rule FDCAN2_R3 - if PD9.Mode=FullDuplex, add Pin PB12 is applicable
2020-05-27 17:04:00,316 [INFO] Rule:211 - rule FDCAN2_R3 - Alternatepin_1 - if PB7.Mode=FullDuplex, add Pin PB6 is applicable
2020-05-27 17:04:00,316 [INFO] Rule:211 - rule FDCAN2_R3 - Alternatepin_1 - if PD9.Mode=FullDuplex, add Pin PB12 is applicable
2020-05-27 17:04:00,316 [INFO] Rule:211 - rule FDCAN2_R4 - Rename Mode FullDuplex into Enable FDCAN_TXFD for pin PD10 is applicable
2020-05-27 17:04:00,316 [INFO] Rule:211 - rule FDCAN2_R4 - Rename Mode FullDuplex into Enable FDCAN_TXFD for pin PD9 is applicable
2020-05-27 17:04:00,316 [INFO] Rule:211 - rule FDCAN2_R4 - Alternatepin_1 - Rename Mode FullDuplex into Enable FDCAN_TXFD for pin PB7 is applicable
2020-05-27 17:04:00,316 [INFO] Rule:211 - rule FDCAN2_R4 - Alternatepin_1 - Rename Mode FullDuplex into Enable FDCAN_TXFD for pin PD6 is applicable
2020-05-27 17:04:00,316 [INFO] Rule:211 - rule USART TxPinLevelInvertParam Mode is applicable
2020-05-27 17:04:00,316 [INFO] Rule:211 - rule USART RxPinLevelInvertParam Mode is applicable
2020-05-27 17:04:00,316 [INFO] Rule:211 - rule USART DataInvertParam Mode is applicable
2020-05-27 17:04:00,316 [INFO] Rule:211 - rule USART SwapParam Mode is applicable
2020-05-27 17:04:00,316 [INFO] Rule:211 - rule USART OverrunDisableParam Mode is applicable
2020-05-27 17:04:00,316 [INFO] Rule:211 - rule USART DMADisableonRxErrorParam Mode is applicable
2020-05-27 17:04:00,316 [INFO] Rule:211 - rule USART MSBFirstParam Mode is applicable
2020-05-27 17:04:00,316 [INFO] Rule:211 - rule Update MwName for USB_DEVICE is applicable
2020-05-27 17:04:00,316 [INFO] Rule:211 - rule Change PWR_Regulator_Voltage_Scale Default Value for RCC  H7 family is applicable
2020-05-27 17:04:00,316 [INFO] Rule:211 - rule UART/USART IPParameter rename Prescaler parameter to ClockPrescaler is applicable
2020-05-27 17:04:00,316 [INFO] Rule:211 - rule UART/USART Prescaler rename Prescaler parameter to ClockPrescaler is applicable
2020-05-27 17:04:00,316 [INFO] Rule:211 - rule TIM1CLockSelection is applicable
2020-05-27 17:04:00,316 [INFO] Rule:211 - rule TIM15CLockSelection is applicable
2020-05-27 17:04:00,316 [INFO] Rule:211 - rule align RCC SDMMC3CLockSelection default value on MP1 is applicable
2020-05-27 17:04:00,316 [INFO] Rule:211 - rule align RCC SDMMC12CLockSelection default value on MP1 is applicable
2020-05-27 17:04:00,316 [INFO] Rule:211 - rule align RCC QSPICLockSelection default value on MP1 is applicable
2020-05-27 17:04:00,316 [INFO] Rule:211 - rule align RCC QSPICLockSelection default value on MP1 is applicable
2020-05-27 17:04:00,316 [INFO] Rule:211 - rule align RCC SPI6CLockSelection default value on MP1 is applicable
2020-05-27 17:04:00,316 [INFO] Rule:211 - rule align RCC LPTIM23CLockSelection default value on MP1 is applicable
2020-05-27 17:04:00,316 [INFO] Rule:211 - rule align RCC LPTIM1CLockSelection default value on MP1 is applicable
2020-05-27 17:04:00,316 [INFO] Rule:211 - rule align RCC USART1CLockSelection default value on MP1 is applicable
2020-05-27 17:04:00,316 [INFO] Rule:211 - rule align RCC USART24CLockSelection default value on MP1 is applicable
2020-05-27 17:04:00,316 [INFO] Rule:211 - rule align RCC USART6CLockSelection default value on MP1 is applicable
2020-05-27 17:04:00,316 [INFO] Rule:211 - rule align RCC UART78CLockSelection default value on MP1 is applicable
2020-05-27 17:04:00,316 [INFO] Rule:211 - rule align RCC USART35CLockSelection default value on MP1 is applicable
2020-05-27 17:04:00,316 [INFO] Rule:211 - rule align RCC SPI45CLockSelection default value on MP1 is applicable
2020-05-27 17:04:00,316 [INFO] Rule:211 - rule align RCC I2C46CLockSelection BCLK value on MP1 is applicable
2020-05-27 17:04:00,316 [INFO] Rule:211 - rule align RCC SPI45CLockSelection default value on MP1 is applicable
2020-05-27 17:04:00,316 [INFO] Rule:211 - rule align RCC I2C12CLockSelection default value on MP1 is applicable
2020-05-27 17:04:00,316 [INFO] Rule:211 - rule align RCC I2C35CLockSelection default value on MP1 is applicable
2020-05-27 17:04:00,316 [INFO] Rule:211 - rule align RCC LPTIM45CLockSelection default value on MP1 is applicable
2020-05-27 17:04:00,316 [INFO] Rule:211 - rule Rename DCMI PIXCK signal is applicable
2020-05-27 17:04:00,316 [INFO] Rule:211 - rule Change Default Value for I2C46CLockSelection MP1 family is applicable
2020-05-27 17:04:00,316 [INFO] Rule:211 - rule Change Default Value for UART for G4, G0 and WB families is applicable
2020-05-27 17:04:00,316 [INFO] Rule:211 - rule Change Default Value for USART for G4, G0 and WB families is applicable
2020-05-27 17:04:00,316 [INFO] Rule:211 - rule Change Default Value for USART for G4 family is applicable
2020-05-27 17:04:00,316 [INFO] Rule:211 - rule Change USART1CLockSelection refparam name for MP1 is applicable
2020-05-27 17:04:00,316 [INFO] Rule:211 - rule Change USART2CLockSelection refparam name for MP1 is applicable
2020-05-27 17:04:00,316 [INFO] Rule:211 - rule Change USART3CLockSelection refparam name for MP1 is applicable
2020-05-27 17:04:00,316 [INFO] Rule:211 - rule Change UART4CLockSelection refparam name for MP1 is applicable
2020-05-27 17:04:00,316 [INFO] Rule:211 - rule Change UART5CLockSelection refparam name for MP1 is applicable
2020-05-27 17:04:00,316 [INFO] Rule:211 - rule Change LPUART1CLockSelection refparam name for MP1 is applicable
2020-05-27 17:04:00,316 [INFO] Rule:211 - rule Change LPTIM1CLockSelection refparam name for MP1 is applicable
2020-05-27 17:04:00,316 [INFO] Rule:211 - rule Change LPTIM2CLockSelection refparam name for MP1 is applicable
2020-05-27 17:04:00,316 [INFO] Rule:211 - rule Change RCC_MCO1Source refparam name for MP1 is applicable
2020-05-27 17:04:00,316 [INFO] Rule:211 - rule Change LSCOSource1 refparam name for MP1 is applicable
2020-05-27 17:04:00,332 [INFO] Rule:211 - rule Change SMPSCLockSelection refparam name for MP1 is applicable
2020-05-27 17:04:00,332 [INFO] Rule:211 - rule Change LPTIM3CLockSelection refparam name for MP1 is applicable
2020-05-27 17:04:00,332 [INFO] Rule:211 - rule Change MPCBB* Default Template Mode to Parameters is applicable
2020-05-27 17:04:00,332 [INFO] Rule:211 - rule Change MPCWM* or MPCBB* Secure Mode to Parameters is applicable
2020-05-27 17:04:00,332 [INFO] Rule:211 - rule Change MPCWM* or MPCBB* No Secure Mode to Parameters is applicable
2020-05-27 17:04:00,332 [INFO] Rule:211 - rule Change TZSC IP Secure Mode to Parameters is applicable
2020-05-27 17:04:00,332 [INFO] Rule:211 - rule Change TZSC IP No Secure Mode to Parameters is applicable
2020-05-27 17:04:00,332 [INFO] Rule:211 - rule Change TZSC IP Privilege Mode to Parameters is applicable
2020-05-27 17:04:00,332 [INFO] Rule:211 - rule Change TZSC IP No Privilege Mode to Parameters is applicable
2020-05-27 17:04:00,332 [INFO] Rule:211 - rule Change TZIC IT Secure Mode to Parameters is applicable
2020-05-27 17:04:00,332 [INFO] Rule:211 - rule Change TZIC IT No Secure Mode to Parameters is applicable
2020-05-27 17:04:00,332 [INFO] Rule:211 - rule Add MPCBB1_NonSecureArea_Start_Address value with referenced to MPCBB1_NonSecureArea_Start value is applicable
2020-05-27 17:04:00,332 [INFO] Rule:211 - rule Add MPCBB2_NonSecureArea_Start_Address value with referenced to MPCBB2_NonSecureArea_Start value is applicable
2020-05-27 17:04:00,332 [INFO] Rule:211 - rule Add MPCWM1_NonSecureArea*_Start_Address value with referenced to MPCWM1_NonSecureArea*_Start value is applicable
2020-05-27 17:04:00,332 [INFO] Rule:211 - rule Add MPCWM2_NonSecureArea*_Start_Address value with referenced to MPCWM2_NonSecureArea*_Start value is applicable
2020-05-27 17:04:00,332 [INFO] Rule:211 - rule Add MPCWM3_NonSecureArea_Start_Address value with referenced to MPCWM3_NonSecureArea_Start value is applicable
2020-05-27 17:04:00,332 [INFO] Rule:211 - rule Change Default Value for PLL1UserDefinedConfig is applicable
2020-05-27 17:04:00,332 [INFO] Rule:211 - rule Change GPIO_PuPd Default Value for USART in async mode is applicable
2020-05-27 17:04:00,333 [INFO] Rule:211 - rule Change SMPSDivider Default Value is applicable
2020-05-27 17:04:00,343 [INFO] DbConfProperties:294 - Apply Compatibility (46/173 Rules)
2020-05-27 17:04:00,405 [INFO] ImportTextPane:162 - (OptionalMessage_ERROR) Unable to find key (Mcu.ThirdPartyNb) in loaded IOC file
2020-05-27 17:04:00,419 [INFO] ImportTextPane:162 - (OptionalMessage_ERROR) IP (RCC) : Parameter (RTCHSEDivFreq_Value) has invalid value (4000000)
2020-05-27 17:04:00,573 [INFO] UtilMem:74 - End LoadConfig() Used Memory: 467877896 Bytes (878706688)
2020-05-27 17:04:00,575 [INFO] DependencyParser:785 - This component is not compatible with the current MCU : [1585328115381]
2020-05-27 17:04:00,575 [INFO] ThirdPartyModel:521 - Component with status : MCU_INCOMPATIBLE for condition : OS Tick GTIM id : 1585328114708
2020-05-27 17:04:00,576 [INFO] DependencyParser:785 - This component is not compatible with the current MCU : [1585328117957, 1585328115464]
2020-05-27 17:04:00,628 [INFO] ThirdParty:899 - CMSIS Pack Vendor :STMicroelectronics X-CUBE-BLE1 5.0.0
2020-05-27 17:04:00,628 [INFO] ThirdParty:899 - CMSIS Pack Vendor :STMicroelectronics X-CUBE-SUBG2 1.1.0
2020-05-27 17:04:00,628 [INFO] ThirdParty:899 - CMSIS Pack Vendor :STMicroelectronics X-CUBE-GNSS1 4.1.0
2020-05-27 17:04:00,628 [INFO] ThirdParty:899 - CMSIS Pack Vendor :ARM CMSIS 5.6.0
2020-05-27 17:04:00,628 [INFO] ThirdParty:899 - CMSIS Pack Vendor :STMicroelectronics X-CUBE-TOUCHGFX 4.13.0
2020-05-27 17:04:00,628 [INFO] ThirdParty:899 - CMSIS Pack Vendor :STMicroelectronics X-CUBE-NFC4 1.5.2
2020-05-27 17:04:00,628 [INFO] ThirdParty:899 - CMSIS Pack Vendor :STMicroelectronics X-CUBE-MEMS1 7.1.0
2020-05-27 17:04:00,628 [INFO] ThirdParty:899 - CMSIS Pack Vendor :STMicroelectronics FreeRTOS 0.0.1
2020-05-27 17:04:00,628 [INFO] ThirdParty:899 - CMSIS Pack Vendor :STMicroelectronics X-CUBE-ALGOBUILD 1.0.0
2020-05-27 17:04:00,628 [INFO] ThirdParty:899 - CMSIS Pack Vendor :STMicroelectronics X-CUBE-MEMS1 7.2.0
2020-05-27 17:04:00,628 [INFO] ThirdParty:899 - CMSIS Pack Vendor :STMicroelectronics X-CUBE-AI 5.0.0
2020-05-27 17:04:00,628 [INFO] ThirdParty:899 - CMSIS Pack Vendor :STMicroelectronics X-CUBE-BLE2 1.0.0
2020-05-27 17:04:00,703 [INFO] PinOutPanel:1420 - setPackage(No Configuration,No Configuration)
2020-05-27 17:04:00,703 [INFO] PinOutPanel:1420 - setPackage(STM32F401RETx,LQFP64)
2020-05-27 17:04:00,912 [INFO] UtilMem:74 - Before build in PCC Used Memory: 579849072 Bytes (878706688)
2020-05-27 17:04:01,149 [INFO] SharedServices:71 - Folder for power plug-in: C:/Users/Hrishi/.stm32cubemx/plugins/power
2020-05-27 17:04:01,171 [INFO] SharedServices:71 - Folder for power plug-in: C:/Users/Hrishi/.stm32cubemx/plugins/power
2020-05-27 17:04:01,198 [INFO] SharedServices:71 - Folder for power plug-in: C:/Users/Hrishi/.stm32cubemx/plugins/power
2020-05-27 17:04:01,200 [INFO] SharedServices:71 - Folder for power plug-in: C:/Users/Hrishi/.stm32cubemx/plugins/power
2020-05-27 17:04:01,225 [INFO] UtilMem:74 - After build in PCC Used Memory: 621798272 Bytes (878706688)
2020-05-27 17:04:01,241 [INFO] IPUIPlugin:65 - create IPUIPlugin
2020-05-27 17:04:01,241 [INFO] IPUIPlugin:65 - create IPUIPlugin
2020-05-27 17:04:01,241 [INFO] IPUIPlugin:65 - create IPUIPlugin
2020-05-27 17:04:01,241 [INFO] IPUIPlugin:65 - create IPUIPlugin
2020-05-27 17:04:01,241 [INFO] IPUIPlugin:65 - create IPUIPlugin
2020-05-27 17:04:01,241 [INFO] IPUIPlugin:65 - create IPUIPlugin
2020-05-27 17:04:01,241 [INFO] IPUIPlugin:65 - create IPUIPlugin
2020-05-27 17:04:01,241 [INFO] IPUIPlugin:65 - create IPUIPlugin
2020-05-27 17:04:01,241 [INFO] IPUIPlugin:65 - create IPUIPlugin
2020-05-27 17:04:01,241 [INFO] IPUIPlugin:65 - create IPUIPlugin
2020-05-27 17:04:01,241 [INFO] IPUIPlugin:65 - create IPUIPlugin
2020-05-27 17:04:01,241 [INFO] IPUIPlugin:65 - create IPUIPlugin
2020-05-27 17:04:01,241 [INFO] IPUIPlugin:65 - create IPUIPlugin
2020-05-27 17:04:01,241 [INFO] IPUIPlugin:65 - create IPUIPlugin
2020-05-27 17:04:01,241 [INFO] IPUIPlugin:65 - create IPUIPlugin
2020-05-27 17:04:01,241 [INFO] IPUIPlugin:65 - create IPUIPlugin
2020-05-27 17:04:01,241 [INFO] IPUIPlugin:65 - create IPUIPlugin
2020-05-27 17:04:01,241 [INFO] IPUIPlugin:65 - create IPUIPlugin
2020-05-27 17:04:01,241 [INFO] IPUIPlugin:65 - create IPUIPlugin
2020-05-27 17:04:01,241 [INFO] IPUIPlugin:65 - create IPUIPlugin
2020-05-27 17:04:01,241 [INFO] IPUIPlugin:65 - create IPUIPlugin
2020-05-27 17:04:01,241 [INFO] IPUIPlugin:65 - create IPUIPlugin
2020-05-27 17:04:01,241 [INFO] IPUIPlugin:65 - create IPUIPlugin
2020-05-27 17:04:01,241 [INFO] IPUIPlugin:65 - create IPUIPlugin
2020-05-27 17:04:01,241 [INFO] IPUIPlugin:65 - create IPUIPlugin
2020-05-27 17:04:01,241 [INFO] IPUIPlugin:65 - create IPUIPlugin
2020-05-27 17:04:01,241 [INFO] IPUIPlugin:65 - create IPUIPlugin
2020-05-27 17:04:01,241 [INFO] IPUIPlugin:65 - create IPUIPlugin
2020-05-27 17:04:01,241 [INFO] IPUIPlugin:65 - create IPUIPlugin
2020-05-27 17:04:01,241 [INFO] IPUIPlugin:65 - create IPUIPlugin
2020-05-27 17:04:01,241 [INFO] IPUIPlugin:65 - create IPUIPlugin
2020-05-27 17:04:01,241 [INFO] IPUIPlugin:65 - create IPUIPlugin
2020-05-27 17:04:01,241 [INFO] IPUIPlugin:65 - create IPUIPlugin
2020-05-27 17:04:01,241 [INFO] IPUIPlugin:65 - create IPUIPlugin
2020-05-27 17:04:01,241 [INFO] IPUIPlugin:65 - create IPUIPlugin
2020-05-27 17:04:01,241 [INFO] IPUIPlugin:65 - create IPUIPlugin
2020-05-27 17:04:01,241 [INFO] IPUIPlugin:65 - create IPUIPlugin
2020-05-27 17:04:01,241 [INFO] IPUIPlugin:65 - create IPUIPlugin
2020-05-27 17:04:01,272 [INFO] OpenFileManager:294 - Restore cursor
2020-05-27 17:04:01,436 [INFO] UtilMem:74 - End SaveConfig() Used Memory: 661638000 Bytes (878706688)
2020-05-27 17:04:01,483 [INFO] UtilMem:74 - End SaveConfig() Used Memory: 666354552 Bytes (878706688)
2020-05-27 17:04:01,684 [INFO] BlockDiagram:2671 - set Specific Code input for plugin: NVIC
2020-05-27 17:04:01,685 [INFO] BlockDiagram:2671 - set Specific Code input for plugin: USART
2020-05-27 17:04:01,685 [INFO] BlockDiagram:2671 - set Specific Code input for plugin: SYS
2020-05-27 17:04:01,685 [INFO] BlockDiagram:2671 - set Specific Code input for plugin: GPIO
2020-05-27 17:04:01,685 [INFO] BlockDiagram:2671 - set Specific Code input for plugin: RCC
2020-05-27 17:04:01,686 [INFO] CodeGenerator:603 - code generatio: config db path: C:\ST\STM32CubeIDE_1.3.0\STM32CubeIDE\plugins\com.st.stm32cube.common.mx_5.6.0.202002181639\\db\
2020-05-27 17:04:02,069 [INFO] CodeEngine:188 - oldGeneratedFile, E:\STM32F401RE Nucleo\NUCLEO-F401RE HAL Projects\UART\Example2\MXTmpFiles\license.tmp_save
2020-05-27 17:04:02,159 [INFO] CodeEngine:206 - Generated code: E:\STM32F401RE Nucleo\NUCLEO-F401RE HAL Projects\UART\Example2\MXTmpFiles\license.tmp
2020-05-27 17:04:02,253 [INFO] CodeEngine:188 - oldGeneratedFile, E:\STM32F401RE Nucleo\NUCLEO-F401RE HAL Projects\UART\Example2\MXTmpFiles\gpio.tmp_save
2020-05-27 17:04:02,315 [INFO] CodeEngine:206 - Generated code: E:\STM32F401RE Nucleo\NUCLEO-F401RE HAL Projects\UART\Example2\MXTmpFiles\gpio.tmp
2020-05-27 17:04:02,400 [INFO] LogOutputStream:76 - [STDOUT_REDIRECT] Command line
2020-05-27 17:04:02,402 [INFO] LogOutputStream:76 - [STDOUT_REDIRECT] Debug : prepare data for USART
2020-05-27 17:04:02,402 [INFO] LogOutputStream:76 - [STDOUT_REDIRECT] Command line test
2020-05-27 17:04:02,403 [INFO] LogOutputStream:76 - [STDOUT_REDIRECT] Debug : prepare data for NVIC
2020-05-27 17:04:02,403 [INFO] LogOutputStream:76 - [STDOUT_REDIRECT] Command line test
2020-05-27 17:04:02,444 [INFO] CodeEngine:188 - oldGeneratedFile, E:\STM32F401RE Nucleo\NUCLEO-F401RE HAL Projects\UART\Example2\Core\Src\stm32f4xx_it.c_save
2020-05-27 17:04:02,554 [INFO] CodeEngine:206 - Generated code: E:\STM32F401RE Nucleo\NUCLEO-F401RE HAL Projects\UART\Example2\Core\Src\stm32f4xx_it.c
2020-05-27 17:04:02,602 [INFO] CodeEngine:188 - oldGeneratedFile, E:\STM32F401RE Nucleo\NUCLEO-F401RE HAL Projects\UART\Example2\Core\Inc\stm32f4xx_it.h_save
2020-05-27 17:04:02,673 [INFO] CodeEngine:206 - Generated code: E:\STM32F401RE Nucleo\NUCLEO-F401RE HAL Projects\UART\Example2\Core\Inc\stm32f4xx_it.h
2020-05-27 17:04:02,715 [INFO] CodeEngine:188 - oldGeneratedFile, E:\STM32F401RE Nucleo\NUCLEO-F401RE HAL Projects\UART\Example2\Core\Src\stm32f4xx_hal_msp.c_save
2020-05-27 17:04:02,810 [INFO] CodeEngine:206 - Generated code: E:\STM32F401RE Nucleo\NUCLEO-F401RE HAL Projects\UART\Example2\Core\Src\stm32f4xx_hal_msp.c
2020-05-27 17:04:02,860 [INFO] CodeEngine:188 - oldGeneratedFile, E:\STM32F401RE Nucleo\NUCLEO-F401RE HAL Projects\UART\Example2\MXTmpFiles\system.tmp_save
2020-05-27 17:04:02,939 [INFO] CodeEngine:206 - Generated code: E:\STM32F401RE Nucleo\NUCLEO-F401RE HAL Projects\UART\Example2\MXTmpFiles\system.tmp
2020-05-27 17:04:02,974 [INFO] CodeEngine:188 - oldGeneratedFile, E:\STM32F401RE Nucleo\NUCLEO-F401RE HAL Projects\UART\Example2\Core\Inc\stm32f4xx_hal_conf.h_save
2020-05-27 17:04:03,049 [INFO] CodeEngine:206 - Generated code: E:\STM32F401RE Nucleo\NUCLEO-F401RE HAL Projects\UART\Example2\Core\Inc\stm32f4xx_hal_conf.h
2020-05-27 17:04:03,057 [WARN] IPConfigManager:2701 - IP not found : gpio
2020-05-27 17:04:03,057 [WARN] CodeGenerator:2649 - IP not found : gpio
2020-05-27 17:04:03,105 [INFO] CodeEngine:188 - oldGeneratedFile, E:\STM32F401RE Nucleo\NUCLEO-F401RE HAL Projects\UART\Example2\Core\Inc\main.h_save
2020-05-27 17:04:03,159 [INFO] CodeEngine:206 - Generated code: E:\STM32F401RE Nucleo\NUCLEO-F401RE HAL Projects\UART\Example2\Core\Inc\main.h
2020-05-27 17:04:03,199 [INFO] CodeEngine:188 - oldGeneratedFile, E:\STM32F401RE Nucleo\NUCLEO-F401RE HAL Projects\UART\Example2\Core\Src\main.c_save
2020-05-27 17:04:03,312 [INFO] CodeEngine:206 - Generated code: E:\STM32F401RE Nucleo\NUCLEO-F401RE HAL Projects\UART\Example2\Core\Src\main.c
2020-05-27 17:04:05,129 [INFO] ProjectBuilder:2002 - Time for Copy HAL[1] : 1487mS.
2020-05-27 17:04:05,133 [INFO] ProjectBuilder:2727 - Project Generator version: 3.7.1
2020-05-27 17:04:05,577 [INFO] ConfigFileManager:1066 - The Die is : DIE433
2020-05-27 17:04:08,035 [INFO] ProjectBuilder:2894 - Time for Generating toolchain IDE Files: 2902mS.
2020-05-27 17:04:08,035 [INFO] ProjectBuilder:1878 - Time for Copy CMSIS : 0mS.
2020-05-27 17:04:08,037 [INFO] ProjectBuilder:1878 - Time for Copy CMSIS : 0mS.
2020-05-27 20:30:08,244 [INFO] Activator:176 - 


2020-05-27 20:30:08,248 [INFO] Activator:177 - !SESSION log4j initialized
2020-05-27 20:33:03,698 [INFO] Activator:176 - 


2020-05-27 20:33:03,698 [INFO] Activator:177 - !SESSION log4j initialized
