2020-05-27 20:27:54,797 [INFO] Activator:176 - 


2020-05-27 20:27:54,812 [INFO] Activator:177 - !SESSION log4j initialized
2020-05-27 20:28:06,413 [INFO] ApplicationProperties:181 - Using Application install path: C:\ST\STM32CubeIDE_1.3.0\STM32CubeIDE\plugins\com.st.stm32cube.common.mx_5.6.0.202002181639
2020-05-27 20:28:06,425 [INFO] DbMcusXml:72 - Set database path to: C:\ST\STM32CubeIDE_1.3.0\STM32CubeIDE\plugins\com.st.stm32cube.common.mx_5.6.0.202002181639\\db\/mcu/
2020-05-27 20:28:06,429 [INFO] DbBoardsPdsc:54 - Set plugin database path to: C:\ST\STM32CubeIDE_1.3.0\STM32CubeIDE\plugins\com.st.stm32cube.common.mx_5.6.0.202002181639\\db\/plugins/boardmanager/
2020-05-27 20:28:06,431 [INFO] DbMcus:235 - Set plugin images path to: C:\ST\STM32CubeIDE_1.3.0\STM32CubeIDE\plugins\com.st.stm32cube.common.mx_5.6.0.202002181639\\db\/plugins/mcufinder/images/
2020-05-27 20:28:06,431 [INFO] DbBoards:232 - Set plugin images path to: C:\ST\STM32CubeIDE_1.3.0\STM32CubeIDE\plugins\com.st.stm32cube.common.mx_5.6.0.202002181639\\db\/plugins/mcufinder/images/
2020-05-27 20:28:06,436 [INFO] DbMcusAds:85 - Set database path to: C:\Users\Hrishi\.stmcufinder\plugins\mcufinder//mcu/
2020-05-27 20:28:06,436 [INFO] DbMcusDocs:108 - Set database path to: C:\Users\Hrishi\.stmcufinder\plugins\mcufinder//mcu/
2020-05-27 20:28:06,440 [INFO] DbMcusJson:61 - Set database path to: C:\Users\Hrishi\.stmcufinder\plugins\mcufinder//mcu/
2020-05-27 20:28:06,440 [INFO] DbBoardsDocs:97 - Set database path to: C:\Users\Hrishi\.stmcufinder\plugins\mcufinder//mcu/
2020-05-27 20:28:06,440 [INFO] DbBoardsJson:51 - Set database path to: C:\Users\Hrishi\.stmcufinder\plugins\mcufinder//mcu/
2020-05-27 20:28:06,763 [INFO] CrossReferenceDbSqlite:197 - Set database path to: C:\Users\Hrishi\.stmcufinder\plugins\mcufinder//mcu/cs/
2020-05-27 20:28:06,906 [INFO] RulesReader:52 - Compatibility file has been processed (208 Rules)
2020-05-27 20:28:07,024 [INFO] MicroXplorer:570 - Detected Java Version = 1.8.0_242
2020-05-27 20:28:07,025 [INFO] DbMcusXml:72 - Set database path to: C:\ST\STM32CubeIDE_1.3.0\STM32CubeIDE\plugins\com.st.stm32cube.common.mx_5.6.0.202002181639\\db\/mcu/
2020-05-27 20:28:07,025 [INFO] DbBoardsPdsc:54 - Set plugin database path to: C:\ST\STM32CubeIDE_1.3.0\STM32CubeIDE\plugins\com.st.stm32cube.common.mx_5.6.0.202002181639\\db\/plugins/boardmanager/
2020-05-27 20:28:07,025 [INFO] DbMcus:235 - Set plugin images path to: C:\ST\STM32CubeIDE_1.3.0\STM32CubeIDE\plugins\com.st.stm32cube.common.mx_5.6.0.202002181639\\db\/plugins/mcufinder/images/
2020-05-27 20:28:07,026 [INFO] DbBoards:232 - Set plugin images path to: C:\ST\STM32CubeIDE_1.3.0\STM32CubeIDE\plugins\com.st.stm32cube.common.mx_5.6.0.202002181639\\db\/plugins/mcufinder/images/
2020-05-27 20:28:07,026 [WARN] DbFile:36 - Overriding database path with different value: C:\Users\Hrishi\.stmcufinder\plugins\mcufinder/ => C:\Users\Hrishi\.stmcufinder\plugins\mcufinder
2020-05-27 20:28:07,026 [INFO] DbMcusAds:85 - Set database path to: C:\Users\Hrishi\.stmcufinder\plugins\mcufinder//mcu/
2020-05-27 20:28:07,027 [WARN] DbFile:36 - Overriding database path with different value: C:\Users\Hrishi\.stmcufinder\plugins\mcufinder/ => C:\Users\Hrishi\.stmcufinder\plugins\mcufinder
2020-05-27 20:28:07,027 [INFO] DbMcusDocs:108 - Set database path to: C:\Users\Hrishi\.stmcufinder\plugins\mcufinder//mcu/
2020-05-27 20:28:07,027 [WARN] DbFile:36 - Overriding database path with different value: C:\Users\Hrishi\.stmcufinder\plugins\mcufinder/ => C:\Users\Hrishi\.stmcufinder\plugins\mcufinder
2020-05-27 20:28:07,027 [INFO] DbMcusJson:61 - Set database path to: C:\Users\Hrishi\.stmcufinder\plugins\mcufinder//mcu/
2020-05-27 20:28:07,027 [WARN] DbFile:36 - Overriding database path with different value: C:\Users\Hrishi\.stmcufinder\plugins\mcufinder/ => C:\Users\Hrishi\.stmcufinder\plugins\mcufinder
2020-05-27 20:28:07,028 [INFO] DbBoardsDocs:97 - Set database path to: C:\Users\Hrishi\.stmcufinder\plugins\mcufinder//mcu/
2020-05-27 20:28:07,028 [WARN] DbFile:36 - Overriding database path with different value: C:\Users\Hrishi\.stmcufinder\plugins\mcufinder/ => C:\Users\Hrishi\.stmcufinder\plugins\mcufinder
2020-05-27 20:28:07,028 [INFO] DbBoardsJson:51 - Set database path to: C:\Users\Hrishi\.stmcufinder\plugins\mcufinder//mcu/
2020-05-27 20:28:07,028 [WARN] DbFile:36 - Overriding database path with different value: C:\Users\Hrishi\.stmcufinder\plugins\mcufinder/ => C:\Users\Hrishi\.stmcufinder\plugins\mcufinder
2020-05-27 20:28:07,028 [WARN] DbFile:36 - Overriding database path with different value: C:\Users\Hrishi\.stmcufinder\plugins\mcufinder/ => C:\Users\Hrishi\.stmcufinder\plugins\mcufinder
2020-05-27 20:28:07,029 [INFO] CrossReferenceDbSqlite:197 - Set database path to: C:\Users\Hrishi\.stmcufinder\plugins\mcufinder//mcu/cs/
2020-05-27 20:28:07,096 [INFO] MainPanel:181 - HeapMemory: 292552704
2020-05-27 20:28:07,155 [INFO] DbMcusXml:72 - Set database path to: C:\ST\STM32CubeIDE_1.3.0\STM32CubeIDE\plugins\com.st.stm32cube.common.mx_5.6.0.202002181639\\db\/mcu/
2020-05-27 20:28:07,156 [INFO] DbBoardsPdsc:54 - Set plugin database path to: C:\ST\STM32CubeIDE_1.3.0\STM32CubeIDE\plugins\com.st.stm32cube.common.mx_5.6.0.202002181639\\db\/plugins/boardmanager/
2020-05-27 20:28:07,156 [INFO] DbMcus:235 - Set plugin images path to: C:\ST\STM32CubeIDE_1.3.0\STM32CubeIDE\plugins\com.st.stm32cube.common.mx_5.6.0.202002181639\\db\/plugins/mcufinder/images/
2020-05-27 20:28:07,156 [INFO] DbBoards:232 - Set plugin images path to: C:\ST\STM32CubeIDE_1.3.0\STM32CubeIDE\plugins\com.st.stm32cube.common.mx_5.6.0.202002181639\\db\/plugins/mcufinder/images/
2020-05-27 20:28:07,157 [WARN] DbFile:36 - Overriding database path with different value: C:\Users\Hrishi\.stmcufinder\plugins\mcufinder/ => C:\Users\Hrishi\.stmcufinder\plugins\mcufinder
2020-05-27 20:28:07,157 [INFO] DbMcusAds:85 - Set database path to: C:\Users\Hrishi\.stmcufinder\plugins\mcufinder//mcu/
2020-05-27 20:28:07,157 [WARN] DbFile:36 - Overriding database path with different value: C:\Users\Hrishi\.stmcufinder\plugins\mcufinder/ => C:\Users\Hrishi\.stmcufinder\plugins\mcufinder
2020-05-27 20:28:07,157 [INFO] DbMcusDocs:108 - Set database path to: C:\Users\Hrishi\.stmcufinder\plugins\mcufinder//mcu/
2020-05-27 20:28:07,157 [WARN] DbFile:36 - Overriding database path with different value: C:\Users\Hrishi\.stmcufinder\plugins\mcufinder/ => C:\Users\Hrishi\.stmcufinder\plugins\mcufinder
2020-05-27 20:28:07,157 [INFO] DbMcusJson:61 - Set database path to: C:\Users\Hrishi\.stmcufinder\plugins\mcufinder//mcu/
2020-05-27 20:28:07,157 [WARN] DbFile:36 - Overriding database path with different value: C:\Users\Hrishi\.stmcufinder\plugins\mcufinder/ => C:\Users\Hrishi\.stmcufinder\plugins\mcufinder
2020-05-27 20:28:07,158 [INFO] DbBoardsDocs:97 - Set database path to: C:\Users\Hrishi\.stmcufinder\plugins\mcufinder//mcu/
2020-05-27 20:28:07,158 [WARN] DbFile:36 - Overriding database path with different value: C:\Users\Hrishi\.stmcufinder\plugins\mcufinder/ => C:\Users\Hrishi\.stmcufinder\plugins\mcufinder
2020-05-27 20:28:07,158 [INFO] DbBoardsJson:51 - Set database path to: C:\Users\Hrishi\.stmcufinder\plugins\mcufinder//mcu/
2020-05-27 20:28:07,158 [WARN] DbFile:36 - Overriding database path with different value: C:\Users\Hrishi\.stmcufinder\plugins\mcufinder/ => C:\Users\Hrishi\.stmcufinder\plugins\mcufinder
2020-05-27 20:28:07,158 [WARN] DbFile:36 - Overriding database path with different value: C:\Users\Hrishi\.stmcufinder\plugins\mcufinder/ => C:\Users\Hrishi\.stmcufinder\plugins\mcufinder
2020-05-27 20:28:07,158 [INFO] CrossReferenceDbSqlite:197 - Set database path to: C:\Users\Hrishi\.stmcufinder\plugins\mcufinder//mcu/cs/
2020-05-27 20:28:07,178 [INFO] ApplicationProperties:181 - Using Application install path: C:\ST\STM32CubeIDE_1.3.0\STM32CubeIDE\plugins\com.st.stm32cube.common.mx_5.6.0.202002181639
2020-05-27 20:28:07,178 [INFO] PluginManage:178 - Search for loadable plugins [exclusion list=, tutovideos]
2020-05-27 20:28:07,181 [INFO] PluginManage:292 - Check plugin analytics
2020-05-27 20:28:07,183 [INFO] PluginManage:342 - Loaded plugin analytics (category:tool,tabindex:-1)
2020-05-27 20:28:07,183 [INFO] PluginManage:292 - Check plugin clock
2020-05-27 20:28:07,194 [INFO] PluginManage:342 - Loaded plugin clock (category:base,tabindex:2)
2020-05-27 20:28:07,194 [INFO] PluginManage:292 - Check plugin ddr
2020-05-27 20:28:07,194 [INFO] PluginManage:342 - Loaded plugin ddr (category:tool,tabindex:6)
2020-05-27 20:28:07,194 [INFO] PluginManage:292 - Check plugin filemanager
2020-05-27 20:28:07,320 [INFO] PluginManage:342 - Loaded plugin filemanager (category:base,tabindex:10)
2020-05-27 20:28:07,320 [INFO] PluginManage:292 - Check plugin ipmanager
2020-05-27 20:28:07,333 [INFO] PluginManage:342 - Loaded plugin ipmanager (category:base,tabindex:5)
2020-05-27 20:28:07,333 [INFO] PluginManage:292 - Check plugin pinoutandconfiguration
2020-05-27 20:28:07,339 [INFO] PluginManage:342 - Loaded plugin pinoutandconfiguration (category:base,tabindex:1)
2020-05-27 20:28:07,339 [INFO] PluginManage:292 - Check plugin pinoutconfig
2020-05-27 20:28:07,369 [INFO] PluginManage:342 - Loaded plugin pinoutconfig (category:base,tabindex:0)
2020-05-27 20:28:07,369 [INFO] PluginManage:292 - Check plugin power
2020-05-27 20:28:07,378 [INFO] PluginManage:342 - Loaded plugin power (category:power,tabindex:4)
2020-05-27 20:28:07,378 [INFO] PluginManage:292 - Check plugin projectmanager
2020-05-27 20:28:07,395 [INFO] PluginManage:342 - Loaded plugin projectmanager (category:projectmanager,tabindex:3)
2020-05-27 20:28:07,396 [INFO] PluginManage:292 - Check plugin thirdparty
2020-05-27 20:28:07,553 [INFO] ThirdPartyDb:295 - Open Third Party DataBase File (C:/Users/Hrishi/.stm32cubemx/plugins/thirdparty/db/thirdparties_db.xml) : 29 ms. number of Sw pack : 12
2020-05-27 20:28:07,592 [INFO] PluginManage:342 - Loaded plugin thirdparty (category:base,tabindex:-1)
2020-05-27 20:28:07,592 [INFO] PluginManage:292 - Check plugin tools
2020-05-27 20:28:07,593 [INFO] PluginManage:342 - Loaded plugin tools (category:base,tabindex:7)
2020-05-27 20:28:07,593 [INFO] PluginManage:292 - Check plugin tutovideos
2020-05-27 20:28:07,593 [INFO] PluginManage:347 - Ignore plugin tutovideos (category:base)
2020-05-27 20:28:07,593 [INFO] PluginManage:292 - Check plugin updater
2020-05-27 20:28:07,607 [INFO] PluginManage:342 - Loaded plugin updater (category:base,tabindex:12)
2020-05-27 20:28:07,607 [INFO] PluginManage:265 - PluginManage : Loaded plugins [12]
2020-05-27 20:28:07,773 [INFO] PinOutPanel:1420 - setPackage(No Configuration,No Configuration)
2020-05-27 20:28:07,865 [INFO] IPUIPlugin:65 - create IPUIPlugin
2020-05-27 20:28:07,865 [INFO] PluginManager:200 - loadIPPluginJar : add adc
2020-05-27 20:28:07,876 [INFO] IPUIPlugin:65 - create IPUIPlugin
2020-05-27 20:28:07,876 [INFO] PluginManager:200 - loadIPPluginJar : add aes
2020-05-27 20:28:07,876 [INFO] IPUIPlugin:65 - create IPUIPlugin
2020-05-27 20:28:07,879 [INFO] PluginManager:200 - loadIPPluginJar : add can
2020-05-27 20:28:07,880 [INFO] IPUIPlugin:65 - create IPUIPlugin
2020-05-27 20:28:07,880 [INFO] PluginManager:200 - loadIPPluginJar : add comp
2020-05-27 20:28:07,882 [INFO] IPUIPlugin:65 - create IPUIPlugin
2020-05-27 20:28:07,883 [INFO] PluginManager:200 - loadIPPluginJar : add cryp
2020-05-27 20:28:07,884 [INFO] IPUIPlugin:65 - create IPUIPlugin
2020-05-27 20:28:07,884 [INFO] PluginManager:200 - loadIPPluginJar : add dfsdm
2020-05-27 20:28:07,887 [INFO] IPUIPlugin:65 - create IPUIPlugin
2020-05-27 20:28:07,887 [INFO] PluginManager:200 - loadIPPluginJar : add dma
2020-05-27 20:28:07,887 [INFO] IPUIPlugin:65 - create IPUIPlugin
2020-05-27 20:28:07,887 [INFO] PluginManager:200 - loadIPPluginJar : add fatfs
2020-05-27 20:28:07,896 [INFO] IPUIPlugin:65 - create IPUIPlugin
2020-05-27 20:28:07,897 [INFO] PluginManager:200 - loadIPPluginJar : add fmc
2020-05-27 20:28:07,904 [INFO] IPUIPlugin:65 - create IPUIPlugin
2020-05-27 20:28:07,905 [INFO] PluginManager:200 - loadIPPluginJar : add freertos
2020-05-27 20:28:07,906 [INFO] IPUIPlugin:65 - create IPUIPlugin
2020-05-27 20:28:07,906 [INFO] PluginManager:200 - loadIPPluginJar : add genericplugin
2020-05-27 20:28:07,909 [INFO] IPUIPlugin:65 - create IPUIPlugin
2020-05-27 20:28:07,910 [INFO] PluginManager:200 - loadIPPluginJar : add gfxmmu
2020-05-27 20:28:07,911 [INFO] IPUIPlugin:65 - create IPUIPlugin
2020-05-27 20:28:07,911 [INFO] PluginManager:200 - loadIPPluginJar : add gic
2020-05-27 20:28:07,918 [INFO] IPUIPlugin:65 - create IPUIPlugin
2020-05-27 20:28:07,918 [INFO] PluginManager:200 - loadIPPluginJar : add gpio
2020-05-27 20:28:07,918 [INFO] IPUIPlugin:65 - create IPUIPlugin
2020-05-27 20:28:07,918 [INFO] PluginManager:200 - loadIPPluginJar : add gtzc
2020-05-27 20:28:07,918 [INFO] IPUIPlugin:65 - create IPUIPlugin
2020-05-27 20:28:07,918 [INFO] PluginManager:200 - loadIPPluginJar : add hash
2020-05-27 20:28:07,918 [INFO] IPUIPlugin:65 - create IPUIPlugin
2020-05-27 20:28:07,918 [INFO] PluginManager:200 - loadIPPluginJar : add i2c
2020-05-27 20:28:07,918 [INFO] IPUIPlugin:65 - create IPUIPlugin
2020-05-27 20:28:07,918 [INFO] PluginManager:200 - loadIPPluginJar : add i2s
2020-05-27 20:28:07,931 [INFO] IPUIPlugin:65 - create IPUIPlugin
2020-05-27 20:28:07,931 [INFO] PluginManager:200 - loadIPPluginJar : add ipddr
2020-05-27 20:28:07,933 [INFO] IPUIPlugin:65 - create IPUIPlugin
2020-05-27 20:28:07,933 [INFO] PluginManager:200 - loadIPPluginJar : add ltdc
2020-05-27 20:28:07,934 [INFO] IPUIPlugin:65 - create IPUIPlugin
2020-05-27 20:28:07,934 [INFO] PluginManager:200 - loadIPPluginJar : add mdma
2020-05-27 20:28:07,938 [INFO] IPUIPlugin:65 - create IPUIPlugin
2020-05-27 20:28:07,938 [INFO] PluginManager:200 - loadIPPluginJar : add nvic
2020-05-27 20:28:07,938 [INFO] IPUIPlugin:65 - create IPUIPlugin
2020-05-27 20:28:07,938 [INFO] PluginManager:200 - loadIPPluginJar : add opamp
2020-05-27 20:28:07,938 [INFO] IPUIPlugin:65 - create IPUIPlugin
2020-05-27 20:28:07,938 [INFO] PluginManager:200 - loadIPPluginJar : add pdm2pcm
2020-05-27 20:28:07,948 [INFO] IPUIPlugin:65 - create IPUIPlugin
2020-05-27 20:28:07,952 [INFO] PluginManager:200 - loadIPPluginJar : add plateformsettings
2020-05-27 20:28:07,954 [INFO] IPUIPlugin:65 - create IPUIPlugin
2020-05-27 20:28:07,954 [INFO] PluginManager:200 - loadIPPluginJar : add quadspi
2020-05-27 20:28:07,958 [INFO] IPUIPlugin:65 - create IPUIPlugin
2020-05-27 20:28:07,958 [INFO] PluginManager:200 - loadIPPluginJar : add resmgrutility
2020-05-27 20:28:07,958 [INFO] IPUIPlugin:65 - create IPUIPlugin
2020-05-27 20:28:07,958 [INFO] PluginManager:200 - loadIPPluginJar : add sai
2020-05-27 20:28:07,958 [INFO] IPUIPlugin:65 - create IPUIPlugin
2020-05-27 20:28:07,958 [INFO] PluginManager:200 - loadIPPluginJar : add spi
2020-05-27 20:28:07,958 [INFO] IPUIPlugin:65 - create IPUIPlugin
2020-05-27 20:28:07,958 [INFO] PluginManager:200 - loadIPPluginJar : add stm32_wpan
2020-05-27 20:28:07,958 [INFO] IPUIPlugin:65 - create IPUIPlugin
2020-05-27 20:28:07,958 [INFO] PluginManager:200 - loadIPPluginJar : add tim
2020-05-27 20:28:07,958 [INFO] IPUIPlugin:65 - create IPUIPlugin
2020-05-27 20:28:07,958 [INFO] PluginManager:200 - loadIPPluginJar : add touchsensing
2020-05-27 20:28:07,971 [INFO] IPUIPlugin:65 - create IPUIPlugin
2020-05-27 20:28:07,971 [INFO] PluginManager:200 - loadIPPluginJar : add tracer_emb
2020-05-27 20:28:07,971 [INFO] IPUIPlugin:65 - create IPUIPlugin
2020-05-27 20:28:07,971 [INFO] PluginManager:200 - loadIPPluginJar : add ts
2020-05-27 20:28:07,974 [INFO] IPUIPlugin:65 - create IPUIPlugin
2020-05-27 20:28:07,975 [INFO] PluginManager:200 - loadIPPluginJar : add tsc
2020-05-27 20:28:07,975 [INFO] IPUIPlugin:65 - create IPUIPlugin
2020-05-27 20:28:07,975 [INFO] PluginManager:200 - loadIPPluginJar : add ucpd
2020-05-27 20:28:07,979 [INFO] IPUIPlugin:65 - create IPUIPlugin
2020-05-27 20:28:07,979 [INFO] PluginManager:200 - loadIPPluginJar : add usart
2020-05-27 20:28:08,681 [INFO] BoardConnectionPanel:3472 - [DDR PANEL] STM32CubeIDE environment
2020-05-27 20:28:08,681 [INFO] MainDdrPanel:103 - [DDR PANEL] GETTER - cubeProgrammerPath is: null
2020-05-27 20:28:08,897 [FATAL] Updater:277 - Updater called before beeing initialized
2020-05-27 20:28:09,195 [FATAL] Updater:277 - Updater called before beeing initialized
2020-05-27 20:28:09,205 [INFO] PinOutPanel:1420 - setPackage(No Configuration,No Configuration)
2020-05-27 20:28:09,205 [FATAL] Updater:277 - Updater called before beeing initialized
2020-05-27 20:28:09,209 [INFO] BoardConnectionPanel:3472 - [DDR PANEL] STM32CubeIDE environment
2020-05-27 20:28:09,210 [INFO] MainDdrPanel:103 - [DDR PANEL] GETTER - cubeProgrammerPath is: C:\ST\STM32CubeIDE_1.3.0\STM32CubeIDE\plugins\com.st.stm32cube.ide.mcu.externaltools.cubeprogrammer.win32_1.3.0.202002181050\tools\bin
2020-05-27 20:28:09,214 [INFO] ProgrammerExecThread:148 - [ProgrammerAPI] CubeProgrammer command construction: C:\ST\STM32CubeIDE_1.3.0\STM32CubeIDE\plugins\com.st.stm32cube.ide.mcu.externaltools.cubeprogrammer.win32_1.3.0.202002181050\tools\bin\STM32_Programmer_CLI.exe -l
2020-05-27 20:28:09,522 [INFO] MainDdrPanel:93 - [DDR PANEL] SETTER - Set cubeProgrammerPath to: C:\ST\STM32CubeIDE_1.3.0\STM32CubeIDE\plugins\com.st.stm32cube.ide.mcu.externaltools.cubeprogrammer.win32_1.3.0.202002181050\tools\bin
2020-05-27 20:28:09,569 [INFO] Updater:886 - Updater Version found : 5.6.0
2020-05-27 20:28:09,604 [INFO] ApplicationProperties:181 - Using Application install path: C:\ST\STM32CubeIDE_1.3.0\STM32CubeIDE\plugins\com.st.stm32cube.common.mx_5.6.0.202002181639
2020-05-27 20:28:10,384 [INFO] MainUpdater:2230 - connection check result : 10
2020-05-27 20:28:10,384 [INFO] MainUpdater:236 - Updater Check For Update Now.
2020-05-27 20:28:10,384 [INFO] MicroXplorer:420 - Change Database Version : DB.5.0.60
2020-05-27 20:28:10,528 [INFO] CheckServerUpdateThread:92 - End of CheckServer Thread
2020-05-27 20:28:10,603 [INFO] MainUpdater:2230 - connection check result : 10
2020-05-27 20:28:10,603 [INFO] LogOutputStream:76 - [STDOUT_REDIRECT] Successfull proxy connection.
2020-05-27 20:28:10,647 [INFO] ThirdPartyDb:261 - Close Third Party DataBase File (C:/Users/Hrishi/.stm32cubemx/plugins/thirdparty/db/thirdparties_db.xml)
2020-05-27 20:28:10,748 [INFO] IntegrityCheckThread:98 - End integrity checks thread
2020-05-27 20:28:10,884 [INFO] McuFinderGlobals:40 - Set McuFinder mode to 2 (CubeIDE integrated)
2020-05-27 20:28:10,899 [INFO] FinderPluginLoader:86 - Searching for filters in installed packs
2020-05-27 20:28:10,900 [INFO] DbMcusXml:110 - Load MCU database from C:\ST\STM32CubeIDE_1.3.0\STM32CubeIDE\plugins\com.st.stm32cube.common.mx_5.6.0.202002181639\\db\/mcu/families.xml
2020-05-27 20:28:11,775 [INFO] DbMcusJson:90 - JSON generation date=Wed May 20 21:04:35 IST 2020 (1589988875)
2020-05-27 20:28:12,394 [INFO] DbMcus:171 - Found 1670 MCUs (1625 are supported by CubeMX, 1625 are visible in CubeMX)
2020-05-27 20:28:12,395 [INFO] ApiDb:158 - Load user favorites file C:\Users\Hrishi/.stm32cubeide/favorites.mcus.txt: 0 item(s)
2020-05-27 20:28:12,396 [INFO] ApiDb:163 - User favorites MCUs=[]
2020-05-27 20:28:12,396 [INFO] DbMcus:183 - Set 0 / 0 favorites MCUs
2020-05-27 20:28:13,144 [INFO] DbMcusAds:143 - JSON generation date=Thu Apr 30 19:20:56 IST 2020 (1588254656)
2020-05-27 20:28:13,148 [INFO] LoadUrlFilesThread:161 - End of LoadServerUrlFiles without Thread
2020-05-27 20:28:13,188 [INFO] McuDetailPanel:181 - Set advertising image to C:/Users/Hrishi/STM32Cube/Repository/\PR_STM32Cube_GitHub_0320_V1.png
2020-05-27 20:28:13,643 [INFO] McuFilterPanel:249 - Update 0 favorites MCUs
2020-05-27 20:28:13,768 [INFO] DbBoardsPdsc:92 - Found 22 items
2020-05-27 20:28:13,777 [INFO] DbBoardsPdsc:92 - Found 9 items
2020-05-27 20:28:13,792 [INFO] DbBoardsPdsc:92 - Found 28 items
2020-05-27 20:28:13,797 [INFO] DbBoardsPdsc:92 - Found 1 items
2020-05-27 20:28:13,806 [INFO] DbBoardsPdsc:92 - Found 40 items
2020-05-27 20:28:13,845 [INFO] DbBoardsPdsc:92 - Found 39 items
2020-05-27 20:28:13,867 [INFO] DbBoardsPdsc:92 - Found 2 items
2020-05-27 20:28:13,898 [INFO] DbBoardsPdsc:92 - Found 4 items
2020-05-27 20:28:13,903 [WARN] DbBoardsPdsc:256 - Board STM32H7B3I-DK: unknown feature type=Audio, name=, username=Audio stereo codec with Headphone Amp (CS42L51-CNZ), n=1
2020-05-27 20:28:13,903 [WARN] DbBoardsPdsc:256 - Board STM32H7B3I-DK: unknown feature type=WIFI, name=, username=WIFI 802.11 b/g/n, n=1
2020-05-27 20:28:13,906 [WARN] DbBoardsPdsc:256 - Board STM32H7B3I-EVAL: unknown feature type=Audio, name=, username=Multi-Channel Audio Codec (CS42L51-CNZ), n=1
2020-05-27 20:28:13,906 [WARN] DbBoardsPdsc:256 - Board STM32H7B3I-EVAL: unknown feature type=Meter, name=, username=Power-metering and Temperature-monitoring with sigma-delta modulators, n=1
2020-05-27 20:28:13,906 [WARN] DbBoardsPdsc:256 - Board STM32H7B3I-EVAL: unknown feature type=WIFI, name=, username=WIFI 802.11 a/b/g/n, n=1
2020-05-27 20:28:13,906 [WARN] DbBoardsPdsc:256 - Board STM32H7B3I-EVAL: unknown feature type=Motor, name=, username=Motor Control, n=1
2020-05-27 20:28:13,998 [INFO] DbBoardsJson:80 - JSON generation date=Wed May 20 17:06:55 IST 2020 (1589974615)
2020-05-27 20:28:14,015 [INFO] DbBoards:120 - Found 145 boards (142 are supported by CubeMX)
2020-05-27 20:28:14,085 [INFO] DbBoardsDocs:131 - JSON generation date=Wed May 20 21:04:35 IST 2020 (1589988875)
2020-05-27 20:28:14,109 [INFO] DbBoardsDocs:70 - Found 183 boards documents
2020-05-27 20:28:14,111 [WARN] DbBoards:130 - board NUCLEO-H743ZI2 has no document id list !
2020-05-27 20:28:14,112 [WARN] DbBoards:130 - board P-NUCLEO-WB55-Nucleo has no document id list !
2020-05-27 20:28:14,112 [WARN] DbBoards:130 - board P-NUCLEO-WB55-USBDongle has no document id list !
2020-05-27 20:28:14,112 [WARN] DbBoards:130 - board NUCLEO-WB35CE has no document id list !
2020-05-27 20:28:14,113 [WARN] DbBoards:130 - board STM32F401C-DISCO has no document id list !
2020-05-27 20:28:14,113 [WARN] DbBoards:130 - board STM32F769I-DISC1 has no document id list !
2020-05-27 20:28:14,114 [WARN] DbBoards:130 - board STM32L-DISCOVERY has no document id list !
2020-05-27 20:28:14,114 [WARN] DbBoards:130 - board STM32H747I-DISC1 has no document id list !
2020-05-27 20:28:14,115 [WARN] DbBoards:130 - board STM32MP157A-DK1 has no document id list !
2020-05-27 20:28:14,115 [WARN] DbBoards:130 - board STM32H743I-EVAL2 has no document id list !
2020-05-27 20:28:14,115 [WARN] DbBoards:130 - board STM32H753I-EVAL2 has no document id list !
2020-05-27 20:28:14,116 [WARN] DbBoards:130 - board STM32G474E-EVAL1 has no document id list !
2020-05-27 20:28:14,116 [WARN] DbBoards:130 - board STEVAL-BFA001V1B has no document id list !
2020-05-27 20:28:14,116 [WARN] DbBoards:130 - board STEVAL-BFA001V2B has no document id list !
2020-05-27 20:28:14,116 [WARN] DbBoards:130 - board STEVAL-MKSBOX1V1 has no document id list !
2020-05-27 20:28:14,116 [WARN] DbBoards:130 - board STEVAL-STWINKT1 has no document id list !
2020-05-27 20:28:14,116 [WARN] DbBoards:130 - board STEVAL-IDP005V1 has no document id list !
2020-05-27 20:28:14,116 [WARN] DbBoards:130 - board STEVAL-IDP005V2 has no document id list !
2020-05-27 20:28:16,541 [INFO] ApiDb:158 - Load user favorites file C:\Users\Hrishi/.stm32cubeide/favorites.boards.txt: 0 item(s)
2020-05-27 20:28:16,541 [INFO] ApiDb:163 - User favorites Boards=[]
2020-05-27 20:28:16,541 [INFO] DbBoards:209 - Set 0 / 0 favorites Boards
2020-05-27 20:28:16,628 [INFO] LoadUrlFilesThread:161 - End of LoadServerUrlFiles without Thread
2020-05-27 20:28:16,628 [INFO] BoardDetailPanel:180 - Set advertising image to C:/Users/Hrishi/STM32Cube/Repository/\PR_STM32Cube_GitHub_0320_V1.png
2020-05-27 20:28:16,652 [INFO] BoardFilterPanel:211 - Update 0 favorites Boards
2020-05-27 20:28:17,182 [INFO] CrossSelectorPresenter:1319 - Cross Selector saved comparison directory: C:\Users\Hrishi\.stmcufinder\plugins\mcufinder\mcu\cs_comparisons_mx
